Log file open, 01/27/21 14:15:25
LogInit: Display: Running engine for game: WB_Proyecto
LogPlatformFile: Not using cached read wrapper
LogTaskGraph: Started task graph with 5 named threads and 23 total threads with 3 sets of task threads.
LogStats: Stats thread started at 0.280815
LogD3D11RHI: Loaded GFSDK_Aftermath_Lib.x64.dll
LogICUInternationalization: ICU TimeZone Detection - Raw Offset: +1:00, Platform Override: ''
LogPluginManager: Mounting plugin Paper2D
LogPluginManager: Mounting plugin AISupport
LogPluginManager: Mounting plugin LightPropagationVolume
LogPluginManager: Mounting plugin CameraShakePreviewer
LogPluginManager: Mounting plugin ActorLayerUtilities
LogPluginManager: Mounting plugin AnimationSharing
LogPluginManager: Mounting plugin CLionSourceCodeAccess
LogPluginManager: Mounting plugin CodeLiteSourceCodeAccess
LogPluginManager: Mounting plugin GitSourceControl
LogPluginManager: Mounting plugin KDevelopSourceCodeAccess
LogPluginManager: Mounting plugin NullSourceCodeAccess
LogPluginManager: Mounting plugin PerforceSourceControl
LogPluginManager: Mounting plugin PlasticSourceControl
LogPluginManager: Mounting plugin RiderSourceCodeAccess
LogPluginManager: Mounting plugin SubversionSourceControl
LogPluginManager: Mounting plugin UObjectPlugin
LogPluginManager: Mounting plugin VisualStudioCodeSourceCodeAccess
LogPluginManager: Mounting plugin VisualStudioSourceCodeAccess
LogPluginManager: Mounting plugin XCodeSourceCodeAccess
LogPluginManager: Mounting plugin AssetManagerEditor
LogPluginManager: Mounting plugin CryptoKeys
LogPluginManager: Mounting plugin CurveEditorTools
LogPluginManager: Mounting plugin DataValidation
LogPluginManager: Mounting plugin EditorScriptingUtilities
LogPluginManager: Mounting plugin FacialAnimation
LogPluginManager: Mounting plugin GameplayTagsEditor
LogPluginManager: Mounting plugin GeometryMode
LogPluginManager: Mounting plugin MacGraphicsSwitching
LogPluginManager: Mounting plugin MaterialAnalyzer
LogPluginManager: Mounting plugin MobileLauncherProfileWizard
LogPluginManager: Mounting plugin PluginBrowser
LogPluginManager: Mounting plugin SpeedTreeImporter
LogPluginManager: Mounting plugin DatasmithContent
LogPluginManager: Mounting plugin VariantManagerContent
LogPluginManager: Mounting plugin AlembicImporter
LogPluginManager: Mounting plugin AutomationUtils
LogPluginManager: Mounting plugin BackChannel
LogPluginManager: Mounting plugin ChaosCloth
LogPluginManager: Mounting plugin ChaosClothEditor
LogPluginManager: Mounting plugin ChaosEditor
LogPluginManager: Mounting plugin ChaosNiagara
LogPluginManager: Mounting plugin ChaosSolverPlugin
LogPluginManager: Mounting plugin CharacterAI
LogPluginManager: Mounting plugin GeometryCache
LogPluginManager: Mounting plugin GeometryCollectionPlugin
LogPluginManager: Mounting plugin GeometryProcessing
LogPluginManager: Mounting plugin PlanarCut
LogPluginManager: Mounting plugin PlatformCrypto
LogPluginManager: Mounting plugin ProxyLODPlugin
LogPluginManager: Mounting plugin SkeletalReduction
LogPluginManager: Mounting plugin Niagara
LogPluginManager: Mounting plugin MagicLeap
LogPluginManager: Mounting plugin MagicLeapLightEstimation
LogPluginManager: Mounting plugin MagicLeapMedia
LogPluginManager: Mounting plugin MagicLeapPassableWorld
LogPluginManager: Mounting plugin MLSDK
LogPluginManager: Mounting plugin AndroidMedia
LogPluginManager: Mounting plugin AvfMedia
LogPluginManager: Mounting plugin ImgMedia
LogPluginManager: Mounting plugin MediaCompositing
LogPluginManager: Mounting plugin MediaPlayerEditor
LogPluginManager: Mounting plugin WebMMedia
LogPluginManager: Mounting plugin WmfMedia
LogPluginManager: Mounting plugin MeshPainting
LogPluginManager: Mounting plugin TcpMessaging
LogPluginManager: Mounting plugin UdpMessaging
LogPluginManager: Mounting plugin ActorSequence
LogPluginManager: Mounting plugin LevelSequenceEditor
LogPluginManager: Mounting plugin MatineeToLevelSequence
LogPluginManager: Mounting plugin MovieRenderPipeline
LogPluginManager: Mounting plugin TemplateSequence
LogPluginManager: Mounting plugin NetcodeUnitTest
LogPluginManager: Mounting plugin NUTUnrealEngine4
LogPluginManager: Mounting plugin OnlineSubsystemGooglePlay
LogPluginManager: Mounting plugin OnlineSubsystemIOS
LogPluginManager: Mounting plugin OnlineSubsystem
LogPluginManager: Mounting plugin OnlineSubsystemNull
LogPluginManager: Mounting plugin OnlineSubsystemUtils
LogPluginManager: Mounting plugin LauncherChunkInstaller
LogPluginManager: Mounting plugin AndroidDeviceProfileSelector
LogPluginManager: Mounting plugin AndroidMoviePlayer
LogPluginManager: Mounting plugin AndroidPermission
LogPluginManager: Mounting plugin AppleImageUtils
LogPluginManager: Mounting plugin AppleMoviePlayer
LogPluginManager: Mounting plugin ArchVisCharacter
LogPluginManager: Mounting plugin AssetTags
LogPluginManager: Mounting plugin AudioCapture
LogPluginManager: Mounting plugin CableComponent
LogPluginManager: Mounting plugin CustomMeshComponent
LogPluginManager: Mounting plugin EditableMesh
LogPluginManager: Mounting plugin ExampleDeviceProfileSelector
LogPluginManager: Mounting plugin GoogleCloudMessaging
LogPluginManager: Mounting plugin GooglePAD
LogPluginManager: Mounting plugin IOSDeviceProfileSelector
LogPluginManager: Mounting plugin LinuxDeviceProfileSelector
LogPluginManager: Mounting plugin LocationServicesBPLibrary
LogPluginManager: Mounting plugin MobilePatchingUtils
LogPluginManager: Mounting plugin OculusVR
LogPluginManager: Mounting plugin PhysXVehicles
LogPluginManager: Mounting plugin PostSplashScreen
LogPluginManager: Mounting plugin ProceduralMeshComponent
LogPluginManager: Mounting plugin RuntimePhysXCooking
LogPluginManager: Mounting plugin SignificanceManager
LogPluginManager: Mounting plugin SoundFields
LogPluginManager: Mounting plugin SteamVR
LogPluginManager: Mounting plugin Synthesis
LogPluginManager: Mounting plugin WebMMoviePlayer
LogPluginManager: Mounting plugin WindowsMoviePlayer
LogPluginManager: Mounting plugin ScreenshotTools
LogInit: Using libcurl 7.55.1-DEV
LogInit:  - built for x86_64-pc-win32
LogInit:  - supports SSL with OpenSSL/1.1.1
LogInit:  - supports HTTP deflate (compression) using libz 1.2.8
LogInit:  - other features:
LogInit:      CURL_VERSION_SSL
LogInit:      CURL_VERSION_LIBZ
LogInit:      CURL_VERSION_IPV6
LogInit:      CURL_VERSION_ASYNCHDNS
LogInit:      CURL_VERSION_LARGEFILE
LogInit:      CURL_VERSION_IDN
LogInit:  CurlRequestOptions (configurable via config and command line):
LogInit:  - bVerifyPeer = true  - Libcurl will verify peer certificate
LogInit:  - bUseHttpProxy = false  - Libcurl will NOT use HTTP proxy
LogInit:  - bDontReuseConnections = false  - Libcurl will reuse connections
LogInit:  - MaxHostConnections = 16  - Libcurl will limit the number of connections to a host
LogInit:  - LocalHostAddr = Default
LogInit:  - BufferSize = 65536
LogOnline: OSS: Creating online subsystem instance for: NULL
LogInit: WinSock: version 1.1 (2.2), MaxSocks=32767, MaxUdp=65467
LogOnline: OSS: TryLoadSubsystemAndSetDefault: Loaded subsystem for module [NULL]
LogInit: Build: ++UE4+Release-4.25-CL-13942748
LogInit: Engine Version: 4.25.3-13942748+++UE4+Release-4.25
LogInit: Compatible Engine Version: 4.25.0-13144385+++UE4+Release-4.25
LogInit: Net CL: 13144385
LogInit: OS: Windows 10 (Release 2004) (), CPU: Intel(R) Xeon(R) CPU E5-1620 v3 @ 3.50GHz, GPU: NVIDIA Quadro K2200
LogInit: Compiled (64-bit): Jul 25 2020 02:07:48
LogInit: Compiled with Visual C++: 19.24.28315.00
LogInit: Build Configuration: Development
LogInit: Branch Name: ++UE4+Release-4.25
LogInit: Command Line:  -EpicPortal -epicusername=JPS289 -epicuserid=da3b2cd2d0b843e9a055bd745b6998a5 -epiclocale=es
LogInit: Base Directory: C:/Program Files/Epic Games/UE_4.25/Engine/Binaries/Win64/
LogInit: Allocator: TBB
LogInit: Installed Engine Build: 1
LogDevObjectVersion: Number of dev versions registered: 26
LogDevObjectVersion:   Dev-Blueprints (B0D832E4-1F89-4F0D-ACCF-7EB736FD4AA2): 10
LogDevObjectVersion:   Dev-Build (E1C64328-A22C-4D53-A36C-8E866417BD8C): 0
LogDevObjectVersion:   Dev-Core (375EC13C-06E4-48FB-B500-84F0262A717E): 4
LogDevObjectVersion:   Dev-Editor (E4B068ED-F494-42E9-A231-DA0B2E46BB41): 38
LogDevObjectVersion:   Dev-Framework (CFFC743F-43B0-4480-9391-14DF171D2073): 37
LogDevObjectVersion:   Dev-Mobile (B02B49B5-BB20-44E9-A304-32B752E40360): 2
LogDevObjectVersion:   Dev-Networking (A4E4105C-59A1-49B5-A7C5-40C4547EDFEE): 0
LogDevObjectVersion:   Dev-Online (39C831C9-5AE6-47DC-9A44-9C173E1C8E7C): 0
LogDevObjectVersion:   Dev-Physics (78F01B33-EBEA-4F98-B9B4-84EACCB95AA2): 4
LogDevObjectVersion:   Dev-Platform (6631380F-2D4D-43E0-8009-CF276956A95A): 0
LogDevObjectVersion:   Dev-Rendering (12F88B9F-8875-4AFC-A67C-D90C383ABD29): 43
LogDevObjectVersion:   Dev-Sequencer (7B5AE74C-D270-4C10-A958-57980B212A5A): 12
LogDevObjectVersion:   Dev-VR (D7296918-1DD6-4BDD-9DE2-64A83CC13884): 3
LogDevObjectVersion:   Dev-LoadTimes (C2A15278-BFE7-4AFE-6C17-90FF531DF755): 1
LogDevObjectVersion:   Private-Geometry (6EACA3D4-40EC-4CC1-B786-8BED09428FC5): 3
LogDevObjectVersion:   Dev-AnimPhys (29E575DD-E0A3-4627-9D10-D276232CDCEA): 17
LogDevObjectVersion:   Dev-Anim (AF43A65D-7FD3-4947-9873-3E8ED9C1BB05): 7
LogDevObjectVersion:   Dev-ReflectionCapture (6B266CEC-1EC7-4B8F-A30B-E4D90942FC07): 1
LogDevObjectVersion:   Dev-Automation (0DF73D61-A23F-47EA-B727-89E90C41499A): 1
LogDevObjectVersion:   FortniteMain (601D1886-AC64-4F84-AA16-D3DE0DEAC7D6): 31
LogDevObjectVersion:   Dev-Enterprise (9DFFBCD6-494F-0158-E221-12823C92A888): 10
LogDevObjectVersion:   Dev-Niagara (F2AED0AC-9AFE-416F-8664-AA7FFA26D6FC): 1
LogDevObjectVersion:   Dev-Destruction (174F1F0B-B4C6-45A5-B13F-2EE8D0FB917D): 10
LogDevObjectVersion:   Dev-Physics-Ext (35F94A83-E258-406C-A318-09F59610247C): 37
LogDevObjectVersion:   Dev-PhysicsMaterial-Chaos (B68FC16E-8B1B-42E2-B453-215C058844FE): 1
LogDevObjectVersion:   Dev-CineCamera (B2E18506-4273-CFC2-A54E-F4BB758BBA07): 1
LogInit: Presizing for max 25165824 objects, including 0 objects not considered by GC, pre-allocating 0 bytes for permanent pool.
LogConfig: Applying CVar settings from Section [/Script/Engine.StreamingSettings] File [H:/MAMMA MIA Joelo/PROYECTO FINAL GIT/EnergyCore/Unreal/WB_Proyecto/Saved/Config/Windows/Engine.ini]
LogConfig: Setting CVar [[s.MinBulkDataSizeForAsyncLoading:131072]]
LogConfig: Setting CVar [[s.AsyncLoadingThreadEnabled:0]]
LogConfig: Setting CVar [[s.EventDrivenLoaderEnabled:1]]
LogConfig: Setting CVar [[s.WarnIfTimeLimitExceeded:0]]
LogConfig: Setting CVar [[s.TimeLimitExceededMultiplier:1.5]]
LogConfig: Setting CVar [[s.TimeLimitExceededMinTime:0.005]]
LogConfig: Setting CVar [[s.UseBackgroundLevelStreaming:1]]
LogConfig: Setting CVar [[s.PriorityAsyncLoadingExtraTime:15.0]]
LogConfig: Setting CVar [[s.LevelStreamingActorsUpdateTimeLimit:5.0]]
LogConfig: Setting CVar [[s.PriorityLevelStreamingActorsUpdateExtraTime:5.0]]
LogConfig: Setting CVar [[s.LevelStreamingComponentsRegistrationGranularity:10]]
LogConfig: Setting CVar [[s.UnregisterComponentsTimeLimit:1.0]]
LogConfig: Setting CVar [[s.LevelStreamingComponentsUnregistrationGranularity:5]]
LogConfig: Setting CVar [[s.FlushStreamingOnExit:1]]
LogInit: Object subsystem initialized
LogConfig: Setting CVar [[con.DebugEarlyDefault:1]]
LogConfig: Setting CVar [[r.setres:1280x720]]
[2021.01.27-13.15.25:590][  0]LogConfig: Setting CVar [[r.VSync:0]]
[2021.01.27-13.15.25:590][  0]LogConfig: Setting CVar [[r.RHICmdBypass:0]]
[2021.01.27-13.15.25:590][  0]LogConfig: Applying CVar settings from Section [/Script/Engine.RendererSettings] File [H:/MAMMA MIA Joelo/PROYECTO FINAL GIT/EnergyCore/Unreal/WB_Proyecto/Saved/Config/Windows/Engine.ini]
[2021.01.27-13.15.25:590][  0]LogConfig: Setting CVar [[r.GPUCrashDebugging:0]]
[2021.01.27-13.15.25:590][  0]LogConfig: Applying CVar settings from Section [/Script/Engine.RendererOverrideSettings] File [H:/MAMMA MIA Joelo/PROYECTO FINAL GIT/EnergyCore/Unreal/WB_Proyecto/Saved/Config/Windows/Engine.ini]
[2021.01.27-13.15.25:590][  0]LogConfig: Applying CVar settings from Section [/Script/Engine.StreamingSettings] File [H:/MAMMA MIA Joelo/PROYECTO FINAL GIT/EnergyCore/Unreal/WB_Proyecto/Saved/Config/Windows/Engine.ini]
[2021.01.27-13.15.25:590][  0]LogConfig: Setting CVar [[s.MinBulkDataSizeForAsyncLoading:131072]]
[2021.01.27-13.15.25:590][  0]LogConfig: Setting CVar [[s.AsyncLoadingThreadEnabled:0]]
[2021.01.27-13.15.25:590][  0]LogConfig: Setting CVar [[s.EventDrivenLoaderEnabled:1]]
[2021.01.27-13.15.25:590][  0]LogConfig: Setting CVar [[s.WarnIfTimeLimitExceeded:0]]
[2021.01.27-13.15.25:590][  0]LogConfig: Setting CVar [[s.TimeLimitExceededMultiplier:1.5]]
[2021.01.27-13.15.25:590][  0]LogConfig: Setting CVar [[s.TimeLimitExceededMinTime:0.005]]
[2021.01.27-13.15.25:590][  0]LogConfig: Setting CVar [[s.UseBackgroundLevelStreaming:1]]
[2021.01.27-13.15.25:590][  0]LogConfig: Setting CVar [[s.PriorityAsyncLoadingExtraTime:15.0]]
[2021.01.27-13.15.25:590][  0]LogConfig: Setting CVar [[s.LevelStreamingActorsUpdateTimeLimit:5.0]]
[2021.01.27-13.15.25:590][  0]LogConfig: Setting CVar [[s.PriorityLevelStreamingActorsUpdateExtraTime:5.0]]
[2021.01.27-13.15.25:590][  0]LogConfig: Setting CVar [[s.LevelStreamingComponentsRegistrationGranularity:10]]
[2021.01.27-13.15.25:590][  0]LogConfig: Setting CVar [[s.UnregisterComponentsTimeLimit:1.0]]
[2021.01.27-13.15.25:590][  0]LogConfig: Setting CVar [[s.LevelStreamingComponentsUnregistrationGranularity:5]]
[2021.01.27-13.15.25:590][  0]LogConfig: Setting CVar [[s.FlushStreamingOnExit:1]]
[2021.01.27-13.15.25:590][  0]LogConfig: Applying CVar settings from Section [/Script/Engine.GarbageCollectionSettings] File [H:/MAMMA MIA Joelo/PROYECTO FINAL GIT/EnergyCore/Unreal/WB_Proyecto/Saved/Config/Windows/Engine.ini]
[2021.01.27-13.15.25:590][  0]LogConfig: Setting CVar [[gc.MaxObjectsNotConsideredByGC:1]]
[2021.01.27-13.15.25:590][  0]LogConfig: Setting CVar [[gc.SizeOfPermanentObjectPool:0]]
[2021.01.27-13.15.25:590][  0]LogConfig: Setting CVar [[gc.FlushStreamingOnGC:0]]
[2021.01.27-13.15.25:590][  0]LogConfig: Setting CVar [[gc.NumRetriesBeforeForcingGC:10]]
[2021.01.27-13.15.25:590][  0]LogConfig: Setting CVar [[gc.AllowParallelGC:1]]
[2021.01.27-13.15.25:590][  0]LogConfig: Setting CVar [[gc.TimeBetweenPurgingPendingKillObjects:61.1]]
[2021.01.27-13.15.25:590][  0]LogConfig: Setting CVar [[gc.MaxObjectsInEditor:25165824]]
[2021.01.27-13.15.25:590][  0]LogConfig: Setting CVar [[gc.IncrementalBeginDestroyEnabled:1]]
[2021.01.27-13.15.25:590][  0]LogConfig: Setting CVar [[gc.CreateGCClusters:1]]
[2021.01.27-13.15.25:590][  0]LogConfig: Setting CVar [[gc.MinGCClusterSize:5]]
[2021.01.27-13.15.25:590][  0]LogConfig: Setting CVar [[gc.ActorClusteringEnabled:0]]
[2021.01.27-13.15.25:590][  0]LogConfig: Setting CVar [[gc.BlueprintClusteringEnabled:0]]
[2021.01.27-13.15.25:590][  0]LogConfig: Setting CVar [[gc.UseDisregardForGCOnDedicatedServers:0]]
[2021.01.27-13.15.25:590][  0]LogConfig: Applying CVar settings from Section [/Script/Engine.NetworkSettings] File [H:/MAMMA MIA Joelo/PROYECTO FINAL GIT/EnergyCore/Unreal/WB_Proyecto/Saved/Config/Windows/Engine.ini]
[2021.01.27-13.15.25:590][  0]LogConfig: Applying CVar settings from Section [/Script/UnrealEd.CookerSettings] File [H:/MAMMA MIA Joelo/PROYECTO FINAL GIT/EnergyCore/Unreal/WB_Proyecto/Saved/Config/Windows/Engine.ini]
[2021.01.27-13.15.25:595][  0]LogConfig: Applying CVar settings from Section [ViewDistanceQuality@3] File [H:/MAMMA MIA Joelo/PROYECTO FINAL GIT/EnergyCore/Unreal/WB_Proyecto/Saved/Config/Windows/Scalability.ini]
[2021.01.27-13.15.25:595][  0]LogConfig: Setting CVar [[r.SkeletalMeshLODBias:0]]
[2021.01.27-13.15.25:595][  0]LogConfig: Setting CVar [[r.ViewDistanceScale:1.0]]
[2021.01.27-13.15.25:595][  0]LogConfig: Applying CVar settings from Section [AntiAliasingQuality@3] File [H:/MAMMA MIA Joelo/PROYECTO FINAL GIT/EnergyCore/Unreal/WB_Proyecto/Saved/Config/Windows/Scalability.ini]
[2021.01.27-13.15.25:595][  0]LogConfig: Setting CVar [[r.PostProcessAAQuality:4]]
[2021.01.27-13.15.25:595][  0]LogConfig: Applying CVar settings from Section [ShadowQuality@3] File [H:/MAMMA MIA Joelo/PROYECTO FINAL GIT/EnergyCore/Unreal/WB_Proyecto/Saved/Config/Windows/Scalability.ini]
[2021.01.27-13.15.25:595][  0]LogConfig: Setting CVar [[r.LightFunctionQuality:1]]
[2021.01.27-13.15.25:595][  0]LogConfig: Setting CVar [[r.ShadowQuality:5]]
[2021.01.27-13.15.25:595][  0]LogConfig: Setting CVar [[r.Shadow.CSM.MaxCascades:10]]
[2021.01.27-13.15.25:595][  0]LogConfig: Setting CVar [[r.Shadow.MaxResolution:2048]]
[2021.01.27-13.15.25:595][  0]LogConfig: Setting CVar [[r.Shadow.MaxCSMResolution:2048]]
[2021.01.27-13.15.25:595][  0]LogConfig: Setting CVar [[r.Shadow.RadiusThreshold:0.01]]
[2021.01.27-13.15.25:595][  0]LogConfig: Setting CVar [[r.Shadow.DistanceScale:1.0]]
[2021.01.27-13.15.25:595][  0]LogConfig: Setting CVar [[r.Shadow.CSM.TransitionScale:1.0]]
[2021.01.27-13.15.25:595][  0]LogConfig: Setting CVar [[r.Shadow.PreShadowResolutionFactor:1.0]]
[2021.01.27-13.15.25:595][  0]LogConfig: Setting CVar [[r.DistanceFieldShadowing:1]]
[2021.01.27-13.15.25:595][  0]LogConfig: Setting CVar [[r.DistanceFieldAO:1]]
[2021.01.27-13.15.25:595][  0]LogConfig: Setting CVar [[r.AOQuality:2]]
[2021.01.27-13.15.25:595][  0]LogConfig: Setting CVar [[r.VolumetricFog:1]]
[2021.01.27-13.15.25:595][  0]LogConfig: Setting CVar [[r.VolumetricFog.GridPixelSize:8]]
[2021.01.27-13.15.25:595][  0]LogConfig: Setting CVar [[r.VolumetricFog.GridSizeZ:128]]
[2021.01.27-13.15.25:595][  0]LogConfig: Setting CVar [[r.VolumetricFog.HistoryMissSupersampleCount:4]]
[2021.01.27-13.15.25:595][  0]LogConfig: Setting CVar [[r.LightMaxDrawDistanceScale:1]]
[2021.01.27-13.15.25:595][  0]LogConfig: Setting CVar [[r.CapsuleShadows:1]]
[2021.01.27-13.15.25:595][  0]LogConfig: Applying CVar settings from Section [PostProcessQuality@3] File [H:/MAMMA MIA Joelo/PROYECTO FINAL GIT/EnergyCore/Unreal/WB_Proyecto/Saved/Config/Windows/Scalability.ini]
[2021.01.27-13.15.25:595][  0]LogConfig: Setting CVar [[r.MotionBlurQuality:4]]
[2021.01.27-13.15.25:595][  0]LogConfig: Setting CVar [[r.AmbientOcclusionMipLevelFactor:0.4]]
[2021.01.27-13.15.25:595][  0]LogConfig: Setting CVar [[r.AmbientOcclusionMaxQuality:100]]
[2021.01.27-13.15.25:595][  0]LogConfig: Setting CVar [[r.AmbientOcclusionLevels:-1]]
[2021.01.27-13.15.25:595][  0]LogConfig: Setting CVar [[r.AmbientOcclusionRadiusScale:1.0]]
[2021.01.27-13.15.25:595][  0]LogConfig: Setting CVar [[r.DepthOfFieldQuality:2]]
[2021.01.27-13.15.25:595][  0]LogConfig: Setting CVar [[r.RenderTargetPoolMin:400]]
[2021.01.27-13.15.25:595][  0]LogConfig: Setting CVar [[r.LensFlareQuality:2]]
[2021.01.27-13.15.25:595][  0]LogConfig: Setting CVar [[r.SceneColorFringeQuality:1]]
[2021.01.27-13.15.25:595][  0]LogConfig: Setting CVar [[r.EyeAdaptationQuality:2]]
[2021.01.27-13.15.25:595][  0]LogConfig: Setting CVar [[r.BloomQuality:5]]
[2021.01.27-13.15.25:595][  0]LogConfig: Setting CVar [[r.FastBlurThreshold:100]]
[2021.01.27-13.15.25:595][  0]LogConfig: Setting CVar [[r.Upscale.Quality:3]]
[2021.01.27-13.15.25:595][  0]LogConfig: Setting CVar [[r.Tonemapper.GrainQuantization:1]]
[2021.01.27-13.15.25:595][  0]LogConfig: Setting CVar [[r.LightShaftQuality:1]]
[2021.01.27-13.15.25:595][  0]LogConfig: Setting CVar [[r.Filter.SizeScale:1]]
[2021.01.27-13.15.25:595][  0]LogConfig: Setting CVar [[r.Tonemapper.Quality:5]]
[2021.01.27-13.15.25:595][  0]LogConfig: Setting CVar [[r.DOF.Gather.AccumulatorQuality:1        ; higher gathering accumulator quality]]
[2021.01.27-13.15.25:595][  0]LogConfig: Setting CVar [[r.DOF.Gather.PostfilterMethod:1          ; Median3x3 postfilering method]]
[2021.01.27-13.15.25:595][  0]LogConfig: Setting CVar [[r.DOF.Gather.EnableBokehSettings:0       ; no bokeh simulation when gathering]]
[2021.01.27-13.15.25:595][  0]LogConfig: Setting CVar [[r.DOF.Gather.RingCount:4                 ; medium number of samples when gathering]]
[2021.01.27-13.15.25:596][  0]LogConfig: Setting CVar [[r.DOF.Scatter.ForegroundCompositing:1    ; additive foreground scattering]]
[2021.01.27-13.15.25:596][  0]LogConfig: Setting CVar [[r.DOF.Scatter.BackgroundCompositing:2    ; additive background scattering]]
[2021.01.27-13.15.25:596][  0]LogConfig: Setting CVar [[r.DOF.Scatter.EnableBokehSettings:1      ; bokeh simulation when scattering]]
[2021.01.27-13.15.25:596][  0]LogConfig: Setting CVar [[r.DOF.Scatter.MaxSpriteRatio:0.1         ; only a maximum of 10% of scattered bokeh]]
[2021.01.27-13.15.25:596][  0]LogConfig: Setting CVar [[r.DOF.Recombine.Quality:1                ; cheap slight out of focus]]
[2021.01.27-13.15.25:596][  0]LogConfig: Setting CVar [[r.DOF.Recombine.EnableBokehSettings:0    ; no bokeh simulation on slight out of focus]]
[2021.01.27-13.15.25:596][  0]LogConfig: Setting CVar [[r.DOF.TemporalAAQuality:1                ; more stable temporal accumulation]]
[2021.01.27-13.15.25:596][  0]LogConfig: Setting CVar [[r.DOF.Kernel.MaxForegroundRadius:0.025]]
[2021.01.27-13.15.25:596][  0]LogConfig: Setting CVar [[r.DOF.Kernel.MaxBackgroundRadius:0.025]]
[2021.01.27-13.15.25:596][  0]LogConfig: Applying CVar settings from Section [TextureQuality@3] File [H:/MAMMA MIA Joelo/PROYECTO FINAL GIT/EnergyCore/Unreal/WB_Proyecto/Saved/Config/Windows/Scalability.ini]
[2021.01.27-13.15.25:596][  0]LogConfig: Setting CVar [[r.Streaming.MipBias:0]]
[2021.01.27-13.15.25:596][  0]LogConfig: Setting CVar [[r.Streaming.AmortizeCPUToGPUCopy:0]]
[2021.01.27-13.15.25:596][  0]LogConfig: Setting CVar [[r.Streaming.MaxNumTexturesToStreamPerFrame:0]]
[2021.01.27-13.15.25:596][  0]LogConfig: Setting CVar [[r.Streaming.Boost:1]]
[2021.01.27-13.15.25:596][  0]LogConfig: Setting CVar [[r.MaxAnisotropy:8]]
[2021.01.27-13.15.25:596][  0]LogConfig: Setting CVar [[r.VT.MaxAnisotropy:8]]
[2021.01.27-13.15.25:596][  0]LogConfig: Setting CVar [[r.Streaming.LimitPoolSizeToVRAM:0]]
[2021.01.27-13.15.25:596][  0]LogConfig: Setting CVar [[r.Streaming.PoolSize:1000]]
[2021.01.27-13.15.25:596][  0]LogConfig: Setting CVar [[r.Streaming.MaxEffectiveScreenSize:0]]
[2021.01.27-13.15.25:596][  0]LogConfig: Applying CVar settings from Section [EffectsQuality@3] File [H:/MAMMA MIA Joelo/PROYECTO FINAL GIT/EnergyCore/Unreal/WB_Proyecto/Saved/Config/Windows/Scalability.ini]
[2021.01.27-13.15.25:596][  0]LogConfig: Setting CVar [[r.TranslucencyLightingVolumeDim:64]]
[2021.01.27-13.15.25:596][  0]LogConfig: Setting CVar [[r.RefractionQuality:2]]
[2021.01.27-13.15.25:596][  0]LogConfig: Setting CVar [[r.SSR.Quality:3]]
[2021.01.27-13.15.25:596][  0]LogConfig: Setting CVar [[r.SSR.HalfResSceneColor:0]]
[2021.01.27-13.15.25:596][  0]LogConfig: Setting CVar [[r.SceneColorFormat:4]]
[2021.01.27-13.15.25:596][  0]LogConfig: Setting CVar [[r.DetailMode:2]]
[2021.01.27-13.15.25:596][  0]LogConfig: Setting CVar [[r.TranslucencyVolumeBlur:1]]
[2021.01.27-13.15.25:596][  0]LogConfig: Setting CVar [[r.MaterialQualityLevel:1 ; High quality]]
[2021.01.27-13.15.25:596][  0]LogConfig: Setting CVar [[r.SSS.Scale:1]]
[2021.01.27-13.15.25:596][  0]LogConfig: Setting CVar [[r.SSS.SampleSet:2]]
[2021.01.27-13.15.25:596][  0]LogConfig: Setting CVar [[r.SSS.Quality:1]]
[2021.01.27-13.15.25:596][  0]LogConfig: Setting CVar [[r.SSS.HalfRes:0]]
[2021.01.27-13.15.25:596][  0]LogConfig: Setting CVar [[r.SSGI.Quality:3]]
[2021.01.27-13.15.25:596][  0]LogConfig: Setting CVar [[r.EmitterSpawnRateScale:1.0]]
[2021.01.27-13.15.25:596][  0]LogConfig: Setting CVar [[r.ParticleLightQuality:2]]
[2021.01.27-13.15.25:596][  0]LogConfig: Setting CVar [[r.SkyAtmosphere.AerialPerspectiveLUT.FastApplyOnOpaque:1 ; Always have FastSkyLUT 1 in this case to avoid wrong sky]]
[2021.01.27-13.15.25:596][  0]LogConfig: Setting CVar [[r.SkyAtmosphere.AerialPerspectiveLUT.SampleCountPerSlice:1]]
[2021.01.27-13.15.25:596][  0]LogConfig: Setting CVar [[r.SkyAtmosphere.AerialPerspectiveLUT.DepthResolution:16.0]]
[2021.01.27-13.15.25:596][  0]LogConfig: Setting CVar [[r.SkyAtmosphere.FastSkyLUT:1]]
[2021.01.27-13.15.25:596][  0]LogConfig: Setting CVar [[r.SkyAtmosphere.FastSkyLUT.SampleCountMin:4.0]]
[2021.01.27-13.15.25:596][  0]LogConfig: Setting CVar [[r.SkyAtmosphere.FastSkyLUT.SampleCountMax:32.0]]
[2021.01.27-13.15.25:596][  0]LogConfig: Setting CVar [[r.SkyAtmosphere.SampleCountMin:4.0]]
[2021.01.27-13.15.25:596][  0]LogConfig: Setting CVar [[r.SkyAtmosphere.SampleCountMax:32.0]]
[2021.01.27-13.15.25:596][  0]LogConfig: Setting CVar [[r.SkyAtmosphere.TransmittanceLUT.UseSmallFormat:0]]
[2021.01.27-13.15.25:596][  0]LogConfig: Setting CVar [[r.SkyAtmosphere.TransmittanceLUT.SampleCount:10.0]]
[2021.01.27-13.15.25:596][  0]LogConfig: Setting CVar [[r.SkyAtmosphere.MultiScatteringLUT.SampleCount:15.0]]
[2021.01.27-13.15.25:596][  0]LogConfig: Applying CVar settings from Section [FoliageQuality@3] File [H:/MAMMA MIA Joelo/PROYECTO FINAL GIT/EnergyCore/Unreal/WB_Proyecto/Saved/Config/Windows/Scalability.ini]
[2021.01.27-13.15.25:596][  0]LogConfig: Setting CVar [[foliage.DensityScale:1.0]]
[2021.01.27-13.15.25:596][  0]LogConfig: Setting CVar [[grass.DensityScale:1.0]]
[2021.01.27-13.15.25:596][  0]LogConfig: Applying CVar settings from Section [ShadingQuality@3] File [H:/MAMMA MIA Joelo/PROYECTO FINAL GIT/EnergyCore/Unreal/WB_Proyecto/Saved/Config/Windows/Scalability.ini]
[2021.01.27-13.15.25:596][  0]LogConfig: Setting CVar [[r.HairStrands.SkyLighting.SampleCount:16]]
[2021.01.27-13.15.25:596][  0]LogConfig: Setting CVar [[r.HairStrands.SkyLighting.JitterIntegration:0]]
[2021.01.27-13.15.25:596][  0]LogConfig: Setting CVar [[r.HairStrands.SkyAO.SampleCount:16]]
[2021.01.27-13.15.25:596][  0]LogConfig: Setting CVar [[r.HairStrands.DeepShadow.SuperSampling:0]]
[2021.01.27-13.15.25:596][  0]LogConfig: Setting CVar [[r.HairStrands.VisibilityPPLL:0]]
[2021.01.27-13.15.25:596][  0]LogConfig: Setting CVar [[r.HairStrands.RasterizationScale:0.5]]
[2021.01.27-13.15.25:596][  0]LogConfig: Setting CVar [[r.HairStrands.VelocityRasterizationScale:1]]
[2021.01.27-13.15.25:596][  0]LogInit: Selected Device Profile: [Windows]
[2021.01.27-13.15.25:596][  0]LogInit: Applying CVar settings loaded from the selected device profile: [Windows]
[2021.01.27-13.15.25:596][  0]LogHAL: Display: Platform has ~ 32 GB [33457184768 / 34359738368 / 32], which maps to Largest [LargestMinGB=32, LargerMinGB=12, DefaultMinGB=8, SmallerMinGB=6, SmallestMinGB=0)
[2021.01.27-13.15.25:596][  0]LogInit: Going up to parent DeviceProfile []
[2021.01.27-13.15.25:596][  0]LogConfig: Applying CVar settings from Section [ViewDistanceQuality@3] File [H:/MAMMA MIA Joelo/PROYECTO FINAL GIT/EnergyCore/Unreal/WB_Proyecto/Saved/Config/Windows/Scalability.ini]
[2021.01.27-13.15.25:596][  0]LogConfig: Setting CVar [[r.SkeletalMeshLODBias:0]]
[2021.01.27-13.15.25:596][  0]LogConfig: Setting CVar [[r.ViewDistanceScale:1.0]]
[2021.01.27-13.15.25:596][  0]LogConfig: Applying CVar settings from Section [AntiAliasingQuality@3] File [H:/MAMMA MIA Joelo/PROYECTO FINAL GIT/EnergyCore/Unreal/WB_Proyecto/Saved/Config/Windows/Scalability.ini]
[2021.01.27-13.15.25:596][  0]LogConfig: Setting CVar [[r.PostProcessAAQuality:4]]
[2021.01.27-13.15.25:596][  0]LogConfig: Applying CVar settings from Section [ShadowQuality@3] File [H:/MAMMA MIA Joelo/PROYECTO FINAL GIT/EnergyCore/Unreal/WB_Proyecto/Saved/Config/Windows/Scalability.ini]
[2021.01.27-13.15.25:596][  0]LogConfig: Setting CVar [[r.LightFunctionQuality:1]]
[2021.01.27-13.15.25:596][  0]LogConfig: Setting CVar [[r.ShadowQuality:5]]
[2021.01.27-13.15.25:597][  0]LogConfig: Setting CVar [[r.Shadow.CSM.MaxCascades:10]]
[2021.01.27-13.15.25:597][  0]LogConfig: Setting CVar [[r.Shadow.MaxResolution:2048]]
[2021.01.27-13.15.25:597][  0]LogConfig: Setting CVar [[r.Shadow.MaxCSMResolution:2048]]
[2021.01.27-13.15.25:597][  0]LogConfig: Setting CVar [[r.Shadow.RadiusThreshold:0.01]]
[2021.01.27-13.15.25:597][  0]LogConfig: Setting CVar [[r.Shadow.DistanceScale:1.0]]
[2021.01.27-13.15.25:597][  0]LogConfig: Setting CVar [[r.Shadow.CSM.TransitionScale:1.0]]
[2021.01.27-13.15.25:597][  0]LogConfig: Setting CVar [[r.Shadow.PreShadowResolutionFactor:1.0]]
[2021.01.27-13.15.25:597][  0]LogConfig: Setting CVar [[r.DistanceFieldShadowing:1]]
[2021.01.27-13.15.25:597][  0]LogConfig: Setting CVar [[r.DistanceFieldAO:1]]
[2021.01.27-13.15.25:597][  0]LogConfig: Setting CVar [[r.AOQuality:2]]
[2021.01.27-13.15.25:597][  0]LogConfig: Setting CVar [[r.VolumetricFog:1]]
[2021.01.27-13.15.25:597][  0]LogConfig: Setting CVar [[r.VolumetricFog.GridPixelSize:8]]
[2021.01.27-13.15.25:597][  0]LogConfig: Setting CVar [[r.VolumetricFog.GridSizeZ:128]]
[2021.01.27-13.15.25:597][  0]LogConfig: Setting CVar [[r.VolumetricFog.HistoryMissSupersampleCount:4]]
[2021.01.27-13.15.25:597][  0]LogConfig: Setting CVar [[r.LightMaxDrawDistanceScale:1]]
[2021.01.27-13.15.25:597][  0]LogConfig: Setting CVar [[r.CapsuleShadows:1]]
[2021.01.27-13.15.25:597][  0]LogConfig: Applying CVar settings from Section [PostProcessQuality@3] File [H:/MAMMA MIA Joelo/PROYECTO FINAL GIT/EnergyCore/Unreal/WB_Proyecto/Saved/Config/Windows/Scalability.ini]
[2021.01.27-13.15.25:597][  0]LogConfig: Setting CVar [[r.MotionBlurQuality:4]]
[2021.01.27-13.15.25:597][  0]LogConfig: Setting CVar [[r.AmbientOcclusionMipLevelFactor:0.4]]
[2021.01.27-13.15.25:597][  0]LogConfig: Setting CVar [[r.AmbientOcclusionMaxQuality:100]]
[2021.01.27-13.15.25:597][  0]LogConfig: Setting CVar [[r.AmbientOcclusionLevels:-1]]
[2021.01.27-13.15.25:597][  0]LogConfig: Setting CVar [[r.AmbientOcclusionRadiusScale:1.0]]
[2021.01.27-13.15.25:597][  0]LogConfig: Setting CVar [[r.DepthOfFieldQuality:2]]
[2021.01.27-13.15.25:597][  0]LogConfig: Setting CVar [[r.RenderTargetPoolMin:400]]
[2021.01.27-13.15.25:597][  0]LogConfig: Setting CVar [[r.LensFlareQuality:2]]
[2021.01.27-13.15.25:597][  0]LogConfig: Setting CVar [[r.SceneColorFringeQuality:1]]
[2021.01.27-13.15.25:597][  0]LogConfig: Setting CVar [[r.EyeAdaptationQuality:2]]
[2021.01.27-13.15.25:597][  0]LogConfig: Setting CVar [[r.BloomQuality:5]]
[2021.01.27-13.15.25:597][  0]LogConfig: Setting CVar [[r.FastBlurThreshold:100]]
[2021.01.27-13.15.25:597][  0]LogConfig: Setting CVar [[r.Upscale.Quality:3]]
[2021.01.27-13.15.25:597][  0]LogConfig: Setting CVar [[r.Tonemapper.GrainQuantization:1]]
[2021.01.27-13.15.25:597][  0]LogConfig: Setting CVar [[r.LightShaftQuality:1]]
[2021.01.27-13.15.25:597][  0]LogConfig: Setting CVar [[r.Filter.SizeScale:1]]
[2021.01.27-13.15.25:597][  0]LogConfig: Setting CVar [[r.Tonemapper.Quality:5]]
[2021.01.27-13.15.25:597][  0]LogConfig: Setting CVar [[r.DOF.Gather.AccumulatorQuality:1        ; higher gathering accumulator quality]]
[2021.01.27-13.15.25:597][  0]LogConfig: Setting CVar [[r.DOF.Gather.PostfilterMethod:1          ; Median3x3 postfilering method]]
[2021.01.27-13.15.25:597][  0]LogConfig: Setting CVar [[r.DOF.Gather.EnableBokehSettings:0       ; no bokeh simulation when gathering]]
[2021.01.27-13.15.25:597][  0]LogConfig: Setting CVar [[r.DOF.Gather.RingCount:4                 ; medium number of samples when gathering]]
[2021.01.27-13.15.25:597][  0]LogConfig: Setting CVar [[r.DOF.Scatter.ForegroundCompositing:1    ; additive foreground scattering]]
[2021.01.27-13.15.25:597][  0]LogConfig: Setting CVar [[r.DOF.Scatter.BackgroundCompositing:2    ; additive background scattering]]
[2021.01.27-13.15.25:597][  0]LogConfig: Setting CVar [[r.DOF.Scatter.EnableBokehSettings:1      ; bokeh simulation when scattering]]
[2021.01.27-13.15.25:597][  0]LogConfig: Setting CVar [[r.DOF.Scatter.MaxSpriteRatio:0.1         ; only a maximum of 10% of scattered bokeh]]
[2021.01.27-13.15.25:597][  0]LogConfig: Setting CVar [[r.DOF.Recombine.Quality:1                ; cheap slight out of focus]]
[2021.01.27-13.15.25:597][  0]LogConfig: Setting CVar [[r.DOF.Recombine.EnableBokehSettings:0    ; no bokeh simulation on slight out of focus]]
[2021.01.27-13.15.25:597][  0]LogConfig: Setting CVar [[r.DOF.TemporalAAQuality:1                ; more stable temporal accumulation]]
[2021.01.27-13.15.25:597][  0]LogConfig: Setting CVar [[r.DOF.Kernel.MaxForegroundRadius:0.025]]
[2021.01.27-13.15.25:597][  0]LogConfig: Setting CVar [[r.DOF.Kernel.MaxBackgroundRadius:0.025]]
[2021.01.27-13.15.25:597][  0]LogConfig: Applying CVar settings from Section [TextureQuality@3] File [H:/MAMMA MIA Joelo/PROYECTO FINAL GIT/EnergyCore/Unreal/WB_Proyecto/Saved/Config/Windows/Scalability.ini]
[2021.01.27-13.15.25:597][  0]LogConfig: Setting CVar [[r.Streaming.MipBias:0]]
[2021.01.27-13.15.25:597][  0]LogConfig: Setting CVar [[r.Streaming.AmortizeCPUToGPUCopy:0]]
[2021.01.27-13.15.25:597][  0]LogConfig: Setting CVar [[r.Streaming.MaxNumTexturesToStreamPerFrame:0]]
[2021.01.27-13.15.25:597][  0]LogConfig: Setting CVar [[r.Streaming.Boost:1]]
[2021.01.27-13.15.25:597][  0]LogConfig: Setting CVar [[r.MaxAnisotropy:8]]
[2021.01.27-13.15.25:597][  0]LogConfig: Setting CVar [[r.VT.MaxAnisotropy:8]]
[2021.01.27-13.15.25:597][  0]LogConfig: Setting CVar [[r.Streaming.LimitPoolSizeToVRAM:0]]
[2021.01.27-13.15.25:597][  0]LogConfig: Setting CVar [[r.Streaming.PoolSize:1000]]
[2021.01.27-13.15.25:597][  0]LogConfig: Setting CVar [[r.Streaming.MaxEffectiveScreenSize:0]]
[2021.01.27-13.15.25:597][  0]LogConfig: Applying CVar settings from Section [EffectsQuality@3] File [H:/MAMMA MIA Joelo/PROYECTO FINAL GIT/EnergyCore/Unreal/WB_Proyecto/Saved/Config/Windows/Scalability.ini]
[2021.01.27-13.15.25:597][  0]LogConfig: Setting CVar [[r.TranslucencyLightingVolumeDim:64]]
[2021.01.27-13.15.25:597][  0]LogConfig: Setting CVar [[r.RefractionQuality:2]]
[2021.01.27-13.15.25:597][  0]LogConfig: Setting CVar [[r.SSR.Quality:3]]
[2021.01.27-13.15.25:597][  0]LogConfig: Setting CVar [[r.SSR.HalfResSceneColor:0]]
[2021.01.27-13.15.25:597][  0]LogConfig: Setting CVar [[r.SceneColorFormat:4]]
[2021.01.27-13.15.25:597][  0]LogConfig: Setting CVar [[r.DetailMode:2]]
[2021.01.27-13.15.25:597][  0]LogConfig: Setting CVar [[r.TranslucencyVolumeBlur:1]]
[2021.01.27-13.15.25:597][  0]LogConfig: Setting CVar [[r.MaterialQualityLevel:1 ; High quality]]
[2021.01.27-13.15.25:597][  0]LogConfig: Setting CVar [[r.SSS.Scale:1]]
[2021.01.27-13.15.25:597][  0]LogConfig: Setting CVar [[r.SSS.SampleSet:2]]
[2021.01.27-13.15.25:597][  0]LogConfig: Setting CVar [[r.SSS.Quality:1]]
[2021.01.27-13.15.25:597][  0]LogConfig: Setting CVar [[r.SSS.HalfRes:0]]
[2021.01.27-13.15.25:597][  0]LogConfig: Setting CVar [[r.SSGI.Quality:3]]
[2021.01.27-13.15.25:597][  0]LogConfig: Setting CVar [[r.EmitterSpawnRateScale:1.0]]
[2021.01.27-13.15.25:597][  0]LogConfig: Setting CVar [[r.ParticleLightQuality:2]]
[2021.01.27-13.15.25:597][  0]LogConfig: Setting CVar [[r.SkyAtmosphere.AerialPerspectiveLUT.FastApplyOnOpaque:1 ; Always have FastSkyLUT 1 in this case to avoid wrong sky]]
[2021.01.27-13.15.25:597][  0]LogConfig: Setting CVar [[r.SkyAtmosphere.AerialPerspectiveLUT.SampleCountPerSlice:1]]
[2021.01.27-13.15.25:597][  0]LogConfig: Setting CVar [[r.SkyAtmosphere.AerialPerspectiveLUT.DepthResolution:16.0]]
[2021.01.27-13.15.25:597][  0]LogConfig: Setting CVar [[r.SkyAtmosphere.FastSkyLUT:1]]
[2021.01.27-13.15.25:597][  0]LogConfig: Setting CVar [[r.SkyAtmosphere.FastSkyLUT.SampleCountMin:4.0]]
[2021.01.27-13.15.25:597][  0]LogConfig: Setting CVar [[r.SkyAtmosphere.FastSkyLUT.SampleCountMax:32.0]]
[2021.01.27-13.15.25:597][  0]LogConfig: Setting CVar [[r.SkyAtmosphere.SampleCountMin:4.0]]
[2021.01.27-13.15.25:597][  0]LogConfig: Setting CVar [[r.SkyAtmosphere.SampleCountMax:32.0]]
[2021.01.27-13.15.25:598][  0]LogConfig: Setting CVar [[r.SkyAtmosphere.TransmittanceLUT.UseSmallFormat:0]]
[2021.01.27-13.15.25:598][  0]LogConfig: Setting CVar [[r.SkyAtmosphere.TransmittanceLUT.SampleCount:10.0]]
[2021.01.27-13.15.25:598][  0]LogConfig: Setting CVar [[r.SkyAtmosphere.MultiScatteringLUT.SampleCount:15.0]]
[2021.01.27-13.15.25:598][  0]LogConfig: Applying CVar settings from Section [FoliageQuality@3] File [H:/MAMMA MIA Joelo/PROYECTO FINAL GIT/EnergyCore/Unreal/WB_Proyecto/Saved/Config/Windows/Scalability.ini]
[2021.01.27-13.15.25:598][  0]LogConfig: Setting CVar [[foliage.DensityScale:1.0]]
[2021.01.27-13.15.25:598][  0]LogConfig: Setting CVar [[grass.DensityScale:1.0]]
[2021.01.27-13.15.25:598][  0]LogConfig: Applying CVar settings from Section [ShadingQuality@3] File [H:/MAMMA MIA Joelo/PROYECTO FINAL GIT/EnergyCore/Unreal/WB_Proyecto/Saved/Config/Windows/Scalability.ini]
[2021.01.27-13.15.25:598][  0]LogConfig: Setting CVar [[r.HairStrands.SkyLighting.SampleCount:16]]
[2021.01.27-13.15.25:598][  0]LogConfig: Setting CVar [[r.HairStrands.SkyLighting.JitterIntegration:0]]
[2021.01.27-13.15.25:598][  0]LogConfig: Setting CVar [[r.HairStrands.SkyAO.SampleCount:16]]
[2021.01.27-13.15.25:598][  0]LogConfig: Setting CVar [[r.HairStrands.DeepShadow.SuperSampling:0]]
[2021.01.27-13.15.25:598][  0]LogConfig: Setting CVar [[r.HairStrands.VisibilityPPLL:0]]
[2021.01.27-13.15.25:598][  0]LogConfig: Setting CVar [[r.HairStrands.RasterizationScale:0.5]]
[2021.01.27-13.15.25:598][  0]LogConfig: Setting CVar [[r.HairStrands.VelocityRasterizationScale:1]]
[2021.01.27-13.15.25:598][  0]LogConfig: Applying CVar settings from Section [Startup] File [../../../Engine/Config/ConsoleVariables.ini]
[2021.01.27-13.15.25:598][  0]LogConfig: Setting CVar [[net.UseAdaptiveNetUpdateFrequency:0]]
[2021.01.27-13.15.25:598][  0]LogConfig: Setting CVar [[p.chaos.AllowCreatePhysxBodies:1]]
[2021.01.27-13.15.25:598][  0]LogConfig: Setting CVar [[fx.SkipVectorVMBackendOptimizations:1]]
[2021.01.27-13.15.25:598][  0]LogConfig: Applying CVar settings from Section [ConsoleVariables] File [H:/MAMMA MIA Joelo/PROYECTO FINAL GIT/EnergyCore/Unreal/WB_Proyecto/Saved/Config/Windows/Engine.ini]
[2021.01.27-13.15.25:598][  0]LogInit: Computer: EAREUA2PC31
[2021.01.27-13.15.25:598][  0]LogInit: User: alumne
[2021.01.27-13.15.25:598][  0]LogInit: CPU Page size=4096, Cores=4
[2021.01.27-13.15.25:598][  0]LogInit: High frequency timer resolution =10.000000 MHz
[2021.01.27-13.15.25:598][  0]LogMemory: Memory total: Physical=31.2GB (32GB approx)
[2021.01.27-13.15.25:598][  0]LogMemory: Platform Memory Stats for Windows
[2021.01.27-13.15.25:598][  0]LogMemory: Process Physical Memory: 114.86 MB used, 114.87 MB peak
[2021.01.27-13.15.25:598][  0]LogMemory: Process Virtual Memory: 96.05 MB used, 96.05 MB peak
[2021.01.27-13.15.25:598][  0]LogMemory: Physical Memory: 6819.82 MB used,  25087.43 MB free, 31907.26 MB total
[2021.01.27-13.15.25:598][  0]LogMemory: Virtual Memory: 5144.89 MB used,  134212584.00 MB free, 134217728.00 MB total
[2021.01.27-13.15.25:604][  0]LogWindows: WindowsPlatformFeatures enabled
[2021.01.27-13.15.25:637][  0]LogInit: Physics initialised using underlying interface: PhysX
[2021.01.27-13.15.25:638][  0]LogInit: Overriding language with editor language configuration option (en).
[2021.01.27-13.15.25:638][  0]LogInit: Overriding locale with editor culture configuration option ().
[2021.01.27-13.15.25:638][  0]LogInit: Using OS detected locale (es-ES).
[2021.01.27-13.15.25:827][  0]LogInit: Setting process to per monitor DPI aware
[2021.01.27-13.15.25:882][  0]LogSlate: New Slate User Created.  User Index 0, Is Virtual User: 0
[2021.01.27-13.15.25:882][  0]LogSlate: Slate User Registered.  User Index 0, Is Virtual User: 0
[2021.01.27-13.15.26:076][  0]LogHMD: Failed to initialize OpenVR with code 110
[2021.01.27-13.15.26:076][  0]LogD3D11RHI: D3D11 min allowed feature level: 11_0
[2021.01.27-13.15.26:076][  0]LogD3D11RHI: D3D11 max allowed feature level: 11_0
[2021.01.27-13.15.26:076][  0]LogD3D11RHI: D3D11 adapters:
[2021.01.27-13.15.26:151][  0]LogD3D11RHI:    0. 'NVIDIA Quadro K2200' (Feature Level 11_0)
[2021.01.27-13.15.26:151][  0]LogD3D11RHI:       4053/0/15953 MB DedicatedVideo/DedicatedSystem/SharedSystem, Outputs:1, VendorId:0x10de
[2021.01.27-13.15.26:154][  0]LogD3D11RHI:    1. 'Microsoft Basic Render Driver' (Feature Level 11_0)
[2021.01.27-13.15.26:154][  0]LogD3D11RHI:       0/0/15953 MB DedicatedVideo/DedicatedSystem/SharedSystem, Outputs:0, VendorId:0x1414
[2021.01.27-13.15.26:154][  0]LogD3D11RHI: Chosen D3D11 Adapter: 0
[2021.01.27-13.15.26:160][  0]LogD3D11RHI: Creating new Direct3DDevice
[2021.01.27-13.15.26:160][  0]LogD3D11RHI:     GPU DeviceId: 0x13ba (for the marketing name, search the web for "GPU Device Id")
[2021.01.27-13.15.26:160][  0]LogWindows: EnumDisplayDevices:
[2021.01.27-13.15.26:160][  0]LogWindows:    0. 'NVIDIA Quadro K2200' (P:1 D:1)
[2021.01.27-13.15.26:160][  0]LogWindows:    1. 'NVIDIA Quadro K2200' (P:0 D:0)
[2021.01.27-13.15.26:160][  0]LogWindows:    2. 'NVIDIA Quadro K2200' (P:0 D:0)
[2021.01.27-13.15.26:161][  0]LogWindows:    3. 'NVIDIA Quadro K2200' (P:0 D:0)
[2021.01.27-13.15.26:161][  0]LogWindows: DebugString: FoundDriverCount:4 
[2021.01.27-13.15.26:161][  0]LogD3D11RHI:     Adapter Name: NVIDIA Quadro K2200
[2021.01.27-13.15.26:161][  0]LogD3D11RHI:   Driver Version: 452.06 (internal:27.21.14.5206, unified:452.06)
[2021.01.27-13.15.26:161][  0]LogD3D11RHI:      Driver Date: 8-12-2020
[2021.01.27-13.15.26:161][  0]LogRHI: Texture pool is 2837 MB (70% of 4053 MB)
[2021.01.27-13.15.26:217][  0]LogD3D11RHI: RHI has support for 64 bit atomics
[2021.01.27-13.15.26:220][  0]LogD3D11RHI: [Aftermath] Enabled and primed
[2021.01.27-13.15.26:220][  0]LogD3D11RHI: Async texture creation enabled
[2021.01.27-13.15.26:238][  0]LogD3D11RHI: GPU Timing Frequency: 1000.000000 (Debug: 2 1)
[2021.01.27-13.15.26:574][  0]LogTargetPlatformManager: Display: Loaded TargetPlatform 'AllDesktop'
[2021.01.27-13.15.26:597][  0]LogTargetPlatformManager: Display: Loaded TargetPlatform 'Android'
[2021.01.27-13.15.26:597][  0]LogTargetPlatformManager: Display: Loaded TargetPlatform 'Android_ASTC'
[2021.01.27-13.15.26:597][  0]LogTargetPlatformManager: Display: Loaded TargetPlatform 'Android_DXT'
[2021.01.27-13.15.26:597][  0]LogTargetPlatformManager: Display: Loaded TargetPlatform 'Android_ETC2'
[2021.01.27-13.15.26:597][  0]LogTargetPlatformManager: Display: Loaded TargetPlatform 'AndroidClient'
[2021.01.27-13.15.26:597][  0]LogTargetPlatformManager: Display: Loaded TargetPlatform 'Android_ASTCClient'
[2021.01.27-13.15.26:597][  0]LogTargetPlatformManager: Display: Loaded TargetPlatform 'Android_DXTClient'
[2021.01.27-13.15.26:597][  0]LogTargetPlatformManager: Display: Loaded TargetPlatform 'Android_ETC2Client'
[2021.01.27-13.15.26:597][  0]LogTargetPlatformManager: Display: Loaded TargetPlatform 'Android_Multi'
[2021.01.27-13.15.26:597][  0]LogTargetPlatformManager: Display: Loaded TargetPlatform 'Android_MultiClient'
[2021.01.27-13.15.26:622][  0]LogTargetPlatformManager: Display: Loaded TargetPlatform 'IOSClient'
[2021.01.27-13.15.26:622][  0]LogTargetPlatformManager: Display: Loaded TargetPlatform 'IOS'
[2021.01.27-13.15.26:633][  0]LogTargetPlatformManager: Display: Loaded TargetPlatform 'Linux'
[2021.01.27-13.15.26:642][  0]LogTargetPlatformManager: Display: Loaded TargetPlatform 'LinuxNoEditor'
[2021.01.27-13.15.26:652][  0]LogTargetPlatformManager: Display: Loaded TargetPlatform 'LinuxClient'
[2021.01.27-13.15.26:661][  0]LogTargetPlatformManager: Display: Loaded TargetPlatform 'LinuxServer'
[2021.01.27-13.15.26:671][  0]LogTargetPlatformManager: Display: Loaded TargetPlatform 'LinuxAArch64NoEditor'
[2021.01.27-13.15.26:680][  0]LogTargetPlatformManager: Display: Loaded TargetPlatform 'LinuxAArch64Client'
[2021.01.27-13.15.26:689][  0]LogTargetPlatformManager: Display: Loaded TargetPlatform 'LinuxAArch64Server'
[2021.01.27-13.15.26:716][  0]LogTargetPlatformManager: Display: Loaded TargetPlatform 'Lumin'
[2021.01.27-13.15.26:716][  0]LogTargetPlatformManager: Display: Loaded TargetPlatform 'LuminClient'
[2021.01.27-13.15.26:733][  0]LogTargetPlatformManager: Display: Loaded TargetPlatform 'TVOSClient'
[2021.01.27-13.15.26:733][  0]LogTargetPlatformManager: Display: Loaded TargetPlatform 'TVOS'
[2021.01.27-13.15.26:742][  0]LogTargetPlatformManager: Display: Loaded TargetPlatform 'WindowsNoEditor'
[2021.01.27-13.15.26:752][  0]LogTargetPlatformManager: Display: Loaded TargetPlatform 'Windows'
[2021.01.27-13.15.26:761][  0]LogTargetPlatformManager: Display: Loaded TargetPlatform 'WindowsClient'
[2021.01.27-13.15.26:771][  0]LogTargetPlatformManager: Display: Loaded TargetPlatform 'WindowsServer'
[2021.01.27-13.15.26:771][  0]LogTargetPlatformManager: Display: Building Assets For Windows
[2021.01.27-13.15.26:779][  0]LogAudioDebug: Display: Lib vorbis DLL was dynamically loaded.
[2021.01.27-13.15.26:889][  0]LogShaderCompilers: Guid format shader working directory is -20 characters bigger than the processId version (H:/MAMMA MIA Joelo/PROYECTO FINAL GIT/EnergyCore/Unreal/WB_Proyecto/Intermediate/Shaders/WorkingDirectory/7572/).
[2021.01.27-13.15.26:890][  0]LogShaderCompilers: Cleaned the shader compiler working directory 'C:/Users/alumne/AppData/Local/Temp/UnrealShaderWorkingDir/0F4C1A574CC74645D0A80B834F8EAA73/'.
[2021.01.27-13.15.26:890][  0]LogXGEController: Cannot use XGE Controller as Incredibuild is not installed on this machine.
[2021.01.27-13.15.26:890][  0]LogShaderCompilers: Cannot use XGE Shader Compiler as Incredibuild is not installed on this machine.
[2021.01.27-13.15.26:890][  0]LogShaderCompilers: Display: Using Local Shader Compiler.
[2021.01.27-13.15.27:702][  0]LogDerivedDataCache: Display: Max Cache Size: 512 MB
[2021.01.27-13.15.27:756][  0]LogDerivedDataCache: Loaded boot cache 0.05s 75MB C:/Users/alumne/AppData/Local/UnrealEngine/4.25/DerivedDataCache/Boot.ddc.
[2021.01.27-13.15.27:756][  0]LogDerivedDataCache: Display: Loaded Boot cache: C:/Users/alumne/AppData/Local/UnrealEngine/4.25/DerivedDataCache/Boot.ddc
[2021.01.27-13.15.27:756][  0]LogDerivedDataCache: FDerivedDataBackendGraph:  Pak pak cache file H:/MAMMA MIA Joelo/PROYECTO FINAL GIT/EnergyCore/Unreal/WB_Proyecto/DerivedDataCache/DDC.ddp not found, will not use a pak cache.
[2021.01.27-13.15.27:756][  0]LogDerivedDataCache: Unable to find inner node Pak for hierarchical cache Hierarchy.
[2021.01.27-13.15.27:757][  0]LogDerivedDataCache: FDerivedDataBackendGraph:  CompressedPak pak cache file H:/MAMMA MIA Joelo/PROYECTO FINAL GIT/EnergyCore/Unreal/WB_Proyecto/DerivedDataCache/Compressed.ddp not found, will not use a pak cache.
[2021.01.27-13.15.27:757][  0]LogDerivedDataCache: Unable to find inner node CompressedPak for hierarchical cache Hierarchy.
[2021.01.27-13.15.27:767][  0]LogDerivedDataCache: Display: Pak cache opened for reading ../../../Engine/DerivedDataCache/Compressed.ddp.
[2021.01.27-13.15.27:767][  0]LogDerivedDataCache: FDerivedDataBackendGraph:  EnterprisePak pak cache file ../../../Enterprise/DerivedDataCache/Compressed.ddp not found, will not use a pak cache.
[2021.01.27-13.15.27:767][  0]LogDerivedDataCache: Unable to find inner node EnterprisePak for hierarchical cache Hierarchy.
[2021.01.27-13.15.27:768][  0]LogDerivedDataCache: Using Local data cache path C:/Users/alumne/AppData/Local/UnrealEngine/Common/DerivedDataCache: Writable
[2021.01.27-13.15.27:768][  0]LogDerivedDataCache: Shared data cache path not found in *engine.ini, will not use an Shared cache.
[2021.01.27-13.15.27:768][  0]LogDerivedDataCache: Unable to find inner node Shared for hierarchical cache Hierarchy.
[2021.01.27-13.15.27:821][  0]LogSlate: Using FreeType 2.10.0
[2021.01.27-13.15.27:822][  0]LogSlate: SlateFontServices - WITH_FREETYPE: 1, WITH_HARFBUZZ: 1
[2021.01.27-13.15.27:853][  0]LogAssetRegistry: FAssetRegistry took 0.0027 seconds to start up
[2021.01.27-13.15.28:086][  0]LogInit: Selected Device Profile: [Windows]
[2021.01.27-13.15.28:205][  0]LogMeshReduction: Using QuadricMeshReduction for automatic static mesh reduction
[2021.01.27-13.15.28:205][  0]LogMeshReduction: Using SimplygonMeshReduction for automatic skeletal mesh reduction
[2021.01.27-13.15.28:205][  0]LogMeshReduction: Using ProxyLODMeshReduction for automatic mesh merging
[2021.01.27-13.15.28:205][  0]LogMeshReduction: No distributed automatic mesh merging module available
[2021.01.27-13.15.28:205][  0]LogMeshMerging: No distributed automatic mesh merging module available
[2021.01.27-13.15.28:223][  0]LogNetVersion: WB_Proyecto 1.0.0, NetCL: 13144385, EngineNetVer: 14, GameNetVer: 0 (Checksum: 2754319275)
[2021.01.27-13.15.28:695][  0]LogAISub: UAISubsystem::UAISubsystem AISubsystem (00000285F6C4DBC0), frame # 0
[2021.01.27-13.15.28:695][  0]LogAISub: UAISubsystem::UAISubsystem AIPerceptionSystem (00000285F6B6FD80), frame # 0
[2021.01.27-13.15.28:696][  0]LogAISub: UAISubsystem::UAISubsystem EnvQueryManager (00000285F6BD1E00), frame # 0
[2021.01.27-13.15.28:730][  0]LogPackageLocalizationCache: Processed 19 localized package path(s) for 1 prioritized culture(s) in 0.026975 seconds
[2021.01.27-13.15.28:735][  0]LogUObjectArray: 15917 objects as part of root set at end of initial load.
[2021.01.27-13.15.28:735][  0]LogUObjectAllocator: 3965568 out of 0 bytes used by permanent object pool.
[2021.01.27-13.15.28:735][  0]LogUObjectArray: CloseDisregardForGC: 0/0 objects in disregard for GC pool
[2021.01.27-13.15.29:134][  0]LogTcpMessaging: Initializing TcpMessaging bridge
[2021.01.27-13.15.29:138][  0]LogUdpMessaging: Initializing bridge on interface 0.0.0.0:0 to multicast group 230.0.0.1:6666.
[2021.01.27-13.15.29:217][  0]SourceControl: Source control is disabled
[2021.01.27-13.15.29:217][  0]SourceControl: Source control is disabled
[2021.01.27-13.15.29:220][  0]SourceControl: Source control is disabled
[2021.01.27-13.15.29:223][  0]SourceControl: Source control is disabled
[2021.01.27-13.15.29:230][  0]SourceControl: Source control is disabled
[2021.01.27-13.15.29:511][  0]LogAndroidPermission: UAndroidPermissionCallbackProxy::GetInstance
[2021.01.27-13.15.29:531][  0]LogAudioCaptureCore: Display: No Audio Capture implementations found. Audio input will be silent.
[2021.01.27-13.15.29:531][  0]LogAudioCaptureCore: Display: No Audio Capture implementations found. Audio input will be silent.
[2021.01.27-13.15.29:582][  0]LogOcInput: OculusInput pre-init called
[2021.01.27-13.15.29:594][  0]LogWindows: Failed to load 'OVRPlugin.dll' (GetLastError=126)
[2021.01.27-13.15.29:594][  0]LogWindows: File 'OVRPlugin.dll' does not exist
[2021.01.27-13.15.29:656][  0]LogEngine: Initializing Engine...
[2021.01.27-13.15.29:657][  0]LogHMD: Failed to initialize OpenVR with code 110
[2021.01.27-13.15.29:657][  0]LogMagicLeap: Warning: VR disabled because ZI is not enabled.  To enable, in the editor, Edit -> Project Settings -> Plugins -> Magic Leap Plugin -> Enable Zero Iteration
[2021.01.27-13.15.29:658][  0]LogStats: UGameplayTagsManager::InitializeManager -  0.000 s
[2021.01.27-13.15.29:782][  0]LogInit: Initializing FReadOnlyCVARCache
[2021.01.27-13.15.29:797][  0]LogAIModule: Creating AISystem for world Untitled
[2021.01.27-13.15.29:797][  0]LogAISub: UAISubsystem::UAISubsystem EnvQueryManager (00000285F87DC600), frame # 0
[2021.01.27-13.15.29:797][  0]LogAISub: UAISubsystem::UAISubsystem AIPerceptionSystem (00000285F87DAFC0), frame # 0
[2021.01.27-13.15.29:812][  0]LogAudioMixer: Display: Audio Mixer Platform Settings:
[2021.01.27-13.15.29:812][  0]LogAudioMixer: Display: 	Sample Rate:						  48000
[2021.01.27-13.15.29:812][  0]LogAudioMixer: Display: 	Callback Buffer Frame Size Requested: 1024
[2021.01.27-13.15.29:812][  0]LogAudioMixer: Display: 	Callback Buffer Frame Size To Use:	  1024
[2021.01.27-13.15.29:812][  0]LogAudioMixer: Display: 	Number of buffers to queue:			  2
[2021.01.27-13.15.29:812][  0]LogAudioMixer: Display: 	Max Channels (voices):				  32
[2021.01.27-13.15.29:812][  0]LogAudioMixer: Display: 	Number of Async Source Workers:		  0
[2021.01.27-13.15.29:812][  0]LogAudio: Display: AudioDevice MaxSources: 32
[2021.01.27-13.15.29:812][  0]LogAudio: Display: Using built-in audio occlusion.
[2021.01.27-13.15.29:813][  0]LogAudioMixer: Display: Initializing audio mixer.
[2021.01.27-13.15.29:825][  0]LogAudioMixer: Display: 0: FrontLeft
[2021.01.27-13.15.29:825][  0]LogAudioMixer: Display: 1: FrontRight
[2021.01.27-13.15.29:911][  0]LogAudioMixer: Display: Using Audio Device Altavoces (Realtek High Definition Audio)
[2021.01.27-13.15.29:913][  0]LogAudioMixer: Display: Initializing Sound Submixes...
[2021.01.27-13.15.29:917][  0]LogAudioMixer: Display: Creating Master Submix 'MasterSubmixDefault'
[2021.01.27-13.15.29:917][  0]LogAudioMixer: Display: Creating Master Submix 'MasterReverbSubmixDefault'
[2021.01.27-13.15.29:918][  0]LogAudioMixer: Display: Creating Master Submix 'MasterEQSubmixDefault'
[2021.01.27-13.15.29:919][  0]LogInit: FAudioDevice initialized.
[2021.01.27-13.15.29:920][  0]LogNetVersion: Set ProjectVersion to 1.0.0.0. Version Checksum will be recalculated on next use.
[2021.01.27-13.15.30:015][  0]LogDerivedDataCache: Saved boot cache 0.09s 75MB C:/Users/alumne/AppData/Local/UnrealEngine/4.25/DerivedDataCache/Boot.ddc.
[2021.01.27-13.15.30:015][  0]LogInit: Texture streaming: Enabled
[2021.01.27-13.15.30:031][  0]LogEngineSessionManager: EngineSessionManager initialized
[2021.01.27-13.15.30:032][  0]LogEditorSessionSummary: Verbose: Initializing EditorSessionSummaryWriter for editor session tracking
[2021.01.27-13.15.30:035][  0]LogEditorSessionSummary: EditorSessionSummaryWriter initialized
[2021.01.27-13.15.30:093][  0]LogInit: Transaction tracking system initialized
[2021.01.27-13.15.30:117][  0]BlueprintLog: New page: Editor Load
[2021.01.27-13.15.30:210][  0]LocalizationService: Localization service is disabled
[2021.01.27-13.15.30:391][  0]LogCook: Display: Max memory allowance for cook 16384mb min free memory 0mb
[2021.01.27-13.15.30:391][  0]LogCook: Display: Mobile HDR setting 1
[2021.01.27-13.15.30:525][  0]LogFileCache: Scanning file cache for directory 'H:/MAMMA MIA Joelo/PROYECTO FINAL GIT/EnergyCore/Unreal/WB_Proyecto/Content/' took 0.01s
[2021.01.27-13.15.30:740][  0]SourceControl: Source control is disabled
[2021.01.27-13.15.30:740][  0]LogUnrealEdMisc: Loading editor; pre map load, took 7.244
[2021.01.27-13.15.30:740][  0]Cmd: MAP LOAD FILE="H:/MAMMA MIA Joelo/PROYECTO FINAL GIT/EnergyCore/Unreal/WB_Proyecto/Content/PROYECTO/Niveles/WhiteBox_SemiAbierto.umap" TEMPLATE=0 SHOWPROGRESS=1 FEATURELEVEL=3
[2021.01.27-13.15.30:740][  0]LightingResults: New page: Lighting Build
[2021.01.27-13.15.30:741][  0]LogWorld: UWorld::CleanupWorld for Untitled, bSessionEnded=true, bCleanupResources=true
[2021.01.27-13.15.30:741][  0]LogSlate: InvalidateAllWidgets triggered.  All widgets were invalidated
[2021.01.27-13.15.30:741][  0]MapCheck: New page: Map Check
[2021.01.27-13.15.30:741][  0]LightingResults: New page: Lighting Build
[2021.01.27-13.15.30:751][  0]LogAISub: UAISubsystem::~UAISubsystem EnvQueryManager (00000285F87DC600), frame # 0
[2021.01.27-13.15.30:751][  0]LogAISub: UAISubsystem::~UAISubsystem AIPerceptionSystem (00000285F87DAFC0), frame # 0
[2021.01.27-13.15.30:752][  0]LogUObjectHash: Compacting FUObjectHashTables data took   0.75ms
[2021.01.27-13.15.31:223][  0]LogAIModule: Creating AISystem for world WhiteBox_SemiAbierto
[2021.01.27-13.15.31:223][  0]LogAISub: UAISubsystem::UAISubsystem EnvQueryManager (0000028586C42600), frame # 0
[2021.01.27-13.15.31:223][  0]LogAISub: UAISubsystem::UAISubsystem AIPerceptionSystem (0000028586C67100), frame # 0
[2021.01.27-13.15.31:231][  0]LogEditorServer: Finished looking for orphan Actors (0.000 secs)
[2021.01.27-13.15.31:253][  0]LogUObjectHash: Compacting FUObjectHashTables data took   1.44ms
[2021.01.27-13.15.31:253][  0]Cmd: MAP CHECKDEP NOCLEARLOG
[2021.01.27-13.15.31:253][  0]MapCheck: Map check complete: 0 Error(s), 0 Warning(s), took 0,13ms to complete.
[2021.01.27-13.15.31:254][  0]LogFileHelpers: Loading map 'WhiteBox_SemiAbierto' took 0.513
[2021.01.27-13.15.31:256][  0]LogUnrealEdMisc: Total Editor Startup Time, took 7.760
[2021.01.27-13.15.31:407][  0]LogSlate: Updating window title bar state: overlay mode, drag disabled, window buttons hidden, title bar hidden
[2021.01.27-13.15.31:415][  0]LogSlate: Updating window title bar state: overlay mode, drag disabled, window buttons hidden, title bar hidden
[2021.01.27-13.15.31:425][  0]LogSlate: Updating window title bar state: overlay mode, drag disabled, window buttons hidden, title bar hidden
[2021.01.27-13.15.31:444][  0]LogSlate: Updating window title bar state: overlay mode, drag disabled, window buttons hidden, title bar hidden
[2021.01.27-13.15.31:464][  0]LogCollectionManager: Loaded 0 collections in 0.004826 seconds
[2021.01.27-13.15.31:496][  0]LogFileCache: Scanning file cache for directory 'H:/MAMMA MIA Joelo/PROYECTO FINAL GIT/EnergyCore/Unreal/WB_Proyecto/Saved/Collections/' took 0.00s
[2021.01.27-13.15.31:496][  0]LogFileCache: Scanning file cache for directory 'H:/MAMMA MIA Joelo/PROYECTO FINAL GIT/EnergyCore/Unreal/WB_Proyecto/Content/Developers/alumne/Collections/' took 0.00s
[2021.01.27-13.15.31:496][  0]LogFileCache: Scanning file cache for directory 'H:/MAMMA MIA Joelo/PROYECTO FINAL GIT/EnergyCore/Unreal/WB_Proyecto/Content/Collections/' took 0.00s
[2021.01.27-13.15.31:496][  0]LogContentBrowser: Native class hierarchy populated in 0.0211 seconds. Added 3427 classes and 821 folders.
[2021.01.27-13.15.31:505][  0]LogContentBrowser: Native class hierarchy updated for 'WidgetCarousel' in 0.0004 seconds. Added 0 classes and 0 folders.
[2021.01.27-13.15.31:715][  0]LogContentBrowser: Native class hierarchy updated for 'AddContentDialog' in 0.0007 seconds. Added 0 classes and 0 folders.
[2021.01.27-13.15.31:719][  0]LogContentBrowser: Native class hierarchy updated for 'SceneOutliner' in 0.0006 seconds. Added 2 classes and 0 folders.
[2021.01.27-13.15.31:994][  0]LogSlate: Took 0.000437 seconds to synchronously load lazily loaded font '../../../Engine/Content/Slate/Fonts/Roboto-Regular.ttf' (155K)
[2021.01.27-13.15.32:001][  0]LogSlate: Took 0.000485 seconds to synchronously load lazily loaded font '../../../Engine/Content/Slate/Fonts/Roboto-Bold.ttf' (160K)
[2021.01.27-13.15.32:015][  0]LogSlate: Took 0.001588 seconds to synchronously load lazily loaded font '../../../Engine/Content/Editor/Slate/Fonts/FontAwesome.ttf' (139K)
[2021.01.27-13.15.32:227][  0]LogRenderer: Reallocating scene render targets to support 1532x856 Format 10 NumSamples 1 (Frame:1).
[2021.01.27-13.15.32:415][  0]LogContentBrowser: Native class hierarchy updated for 'HierarchicalLODOutliner' in 0.0003 seconds. Added 0 classes and 0 folders.
[2021.01.27-13.15.32:415][  0]LogLoad: (Engine Initialization) Total time: 8.92 seconds
[2021.01.27-13.15.32:415][  0]LogLoad: (Engine Initialization) Total Blueprint compile time: 0.00 seconds
[2021.01.27-13.15.32:456][  0]LogAssetRegistry: Asset discovery search completed in 4.6033 seconds
[2021.01.27-13.15.32:460][  0]LogCollectionManager: Fixed up redirectors for 0 collections in 0.000003 seconds (updated 0 objects)
[2021.01.27-13.15.32:462][  0]LogContentStreaming: Texture pool size now 1000 MB
[2021.01.27-13.16.12:187][ 86]LogTemp: Repeating last play command: Selected Viewport
[2021.01.27-13.16.12:198][ 86]LogPlayLevel: PlayLevel: No blueprints needed recompiling
[2021.01.27-13.16.12:199][ 86]PIE: New page: PIE session: WhiteBox_SemiAbierto (27 ene. 2021 15:16:12)
[2021.01.27-13.16.12:200][ 86]LogOnline: OSS: Creating online subsystem instance for: NULL
[2021.01.27-13.16.12:201][ 86]LogOnline: OSS: TryLoadSubsystemAndSetDefault: Loaded subsystem for module [NULL]
[2021.01.27-13.16.12:201][ 86]LogPlayLevel: Creating play world package: /Game/PROYECTO/Niveles/UEDPIE_0_WhiteBox_SemiAbierto
[2021.01.27-13.16.12:204][ 86]LogPlayLevel: PIE: StaticDuplicateObject took: (0.002976s)
[2021.01.27-13.16.12:205][ 86]LogAIModule: Creating AISystem for world WhiteBox_SemiAbierto
[2021.01.27-13.16.12:205][ 86]LogAISub: UAISubsystem::UAISubsystem EnvQueryManager (00000285AA154C00), frame # 3086
[2021.01.27-13.16.12:205][ 86]LogAISub: UAISubsystem::UAISubsystem AIPerceptionSystem (000002858C876FC0), frame # 3086
[2021.01.27-13.16.12:205][ 86]LogPlayLevel: PIE: World Init took: (0.001484s)
[2021.01.27-13.16.12:205][ 86]LogPlayLevel: PIE: Created PIE world by copying editor world from /Game/PROYECTO/Niveles/WhiteBox_SemiAbierto.WhiteBox_SemiAbierto to /Game/PROYECTO/Niveles/UEDPIE_0_WhiteBox_SemiAbierto.WhiteBox_SemiAbierto (0.004634s)
[2021.01.27-13.16.12:217][ 86]LogUObjectHash: Compacting FUObjectHashTables data took   0.64ms
[2021.01.27-13.16.12:219][ 86]LogAudioMixer: Display: Audio Mixer Platform Settings:
[2021.01.27-13.16.12:219][ 86]LogAudioMixer: Display: 	Sample Rate:						  48000
[2021.01.27-13.16.12:219][ 86]LogAudioMixer: Display: 	Callback Buffer Frame Size Requested: 1024
[2021.01.27-13.16.12:219][ 86]LogAudioMixer: Display: 	Callback Buffer Frame Size To Use:	  1024
[2021.01.27-13.16.12:219][ 86]LogAudioMixer: Display: 	Number of buffers to queue:			  2
[2021.01.27-13.16.12:219][ 86]LogAudioMixer: Display: 	Max Channels (voices):				  32
[2021.01.27-13.16.12:219][ 86]LogAudioMixer: Display: 	Number of Async Source Workers:		  0
[2021.01.27-13.16.12:219][ 86]LogAudio: Display: AudioDevice MaxSources: 32
[2021.01.27-13.16.12:219][ 86]LogAudio: Display: Using built-in audio occlusion.
[2021.01.27-13.16.12:219][ 86]LogAudioMixer: Display: Initializing audio mixer.
[2021.01.27-13.16.12:222][ 86]LogAudioMixer: Display: 0: FrontLeft
[2021.01.27-13.16.12:222][ 86]LogAudioMixer: Display: 1: FrontRight
[2021.01.27-13.16.12:248][ 86]LogAudioMixer: Display: Using Audio Device Altavoces (Realtek High Definition Audio)
[2021.01.27-13.16.12:248][ 86]LogAudioMixer: Display: Initializing Sound Submixes...
[2021.01.27-13.16.12:248][ 86]LogAudioMixer: Display: Creating Master Submix 'MasterSubmixDefault'
[2021.01.27-13.16.12:248][ 86]LogAudioMixer: Display: Creating Master Submix 'MasterReverbSubmixDefault'
[2021.01.27-13.16.12:249][ 86]LogAudioMixer: Display: Creating Master Submix 'MasterEQSubmixDefault'
[2021.01.27-13.16.12:261][ 86]LogInit: FAudioDevice initialized.
[2021.01.27-13.16.12:272][ 86]LogLoad: Game class is 'ThirdPersonGameMode_C'
[2021.01.27-13.16.12:275][ 86]LogWorld: Bringing World /Game/PROYECTO/Niveles/UEDPIE_0_WhiteBox_SemiAbierto.WhiteBox_SemiAbierto up for play (max tick rate 0) at 2021.01.27-14.16.12
[2021.01.27-13.16.12:275][ 86]LogWorld: Bringing up level for play took: 0.002046
[2021.01.27-13.16.12:275][ 86]LogOnline: OSS: Creating online subsystem instance for: :Context_1
[2021.01.27-13.16.12:278][ 86]LogContentBrowser: Native class hierarchy updated for 'MovieSceneCapture' in 0.0003 seconds. Added 20 classes and 0 folders.
[2021.01.27-13.16.12:282][ 86]PIE: Server logged in
[2021.01.27-13.16.12:283][ 86]PIE: Play in editor total start time 0,086 seconds.
[2021.01.27-13.16.32:780][497]LogBlueprintUserMessages: [BP_Llaves4] Interaccion llave
[2021.01.27-13.16.33:197][523]LogBlueprintUserMessages: [BP_Llaves4] Interaccion llave
[2021.01.27-13.16.33:951][570]LogBlueprintUserMessages: [BP_Llaves4] Interaccion llave
[2021.01.27-13.16.34:144][582]LogBlueprintUserMessages: [BP_Llaves4] Interaccion llave
[2021.01.27-13.16.34:307][592]LogBlueprintUserMessages: [BP_Llaves4] Interaccion llave
[2021.01.27-13.16.35:725][679]LogBlueprintUserMessages: [BP_Llaves4] Interaccion llave
[2021.01.27-13.18.31:057][638]LogBlueprintUserMessages: [BP_Llaves5] Interaccion llave
[2021.01.27-13.19.09:263][168]LogBlueprintUserMessages: [BP_Llaves6] Interaccion llave
[2021.01.27-13.20.00:660][664]LogSlate: Updating window title bar state: overlay mode, drag disabled, window buttons hidden, title bar hidden
[2021.01.27-13.20.00:661][664]LogWorld: BeginTearingDown for /Game/PROYECTO/Niveles/UEDPIE_0_WhiteBox_SemiAbierto
[2021.01.27-13.20.00:661][664]LogWorld: UWorld::CleanupWorld for WhiteBox_SemiAbierto, bSessionEnded=true, bCleanupResources=true
[2021.01.27-13.20.00:662][664]LogSlate: InvalidateAllWidgets triggered.  All widgets were invalidated
[2021.01.27-13.20.00:673][664]LogPlayLevel: Display: Shutting down PIE online subsystems
[2021.01.27-13.20.00:675][664]LogSlate: InvalidateAllWidgets triggered.  All widgets were invalidated
[2021.01.27-13.20.00:717][664]LogSlate: Updating window title bar state: overlay mode, drag disabled, window buttons hidden, title bar hidden
[2021.01.27-13.20.00:718][664]LogAISub: UAISubsystem::~UAISubsystem AIPerceptionSystem (000002858C876FC0), frame # 18664
[2021.01.27-13.20.00:718][664]LogAISub: UAISubsystem::~UAISubsystem EnvQueryManager (00000285AA154C00), frame # 18664
[2021.01.27-13.20.00:720][664]LogUObjectHash: Compacting FUObjectHashTables data took   1.25ms
[2021.01.27-13.20.00:768][665]LogPlayLevel: Display: Destroying online subsystem :Context_1
[2021.01.27-13.20.31:985][ 11]LogSlate: Took 0.000210 seconds to synchronously load lazily loaded font '../../../Engine/Content/Slate/Fonts/Roboto-Light.ttf' (167K)
[2021.01.27-13.20.32:008][ 11]LogAssetEditorSubsystem: Opening Asset editor for Blueprint /Game/PROYECTO/Blueprints/ThirdPersonCharacter.ThirdPersonCharacter
[2021.01.27-13.20.32:360][ 11]LogContentBrowser: Native class hierarchy updated for 'BlueprintGraph' in 0.0006 seconds. Added 125 classes and 0 folders.
[2021.01.27-13.20.34:650][ 11]LogSlate: Took 0.000413 seconds to synchronously load lazily loaded font '../../../Engine/Content/Slate/Fonts/Roboto-BoldCondensed.ttf' (158K)
[2021.01.27-13.20.35:301][ 12]LogSlate: Took 0.002031 seconds to synchronously load lazily loaded font '../../../Engine/Content/Slate/Fonts/Roboto-Italic.ttf' (157K)
[2021.01.27-13.20.37:748][ 70]LogSlate: Window 'ThirdPersonCharacter' being destroyed
[2021.01.27-13.20.57:330][217]BlueprintLog: New page: Compile ThirdPersonCharacter
[2021.01.27-13.20.57:437][217]LogUObjectHash: Compacting FUObjectHashTables data took   2.22ms
[2021.01.27-13.20.57:838][217]LogSlate: Took 0.001717 seconds to synchronously load lazily loaded font '../../../Engine/Content/Slate/Fonts/DroidSansMono.ttf' (77K)
[2021.01.27-13.21.10:228][ 75]LogRenderer: Reallocating scene render targets to support 1696x996 Format 10 NumSamples 1 (Frame:1).
[2021.01.27-13.26.34:572][204]BlueprintLog: New page: Compile ThirdPersonCharacter
[2021.01.27-13.26.34:649][204]LogUObjectHash: Compacting FUObjectHashTables data took   2.80ms
[2021.01.27-13.26.52:742][960]BlueprintLog: New page: Compile ThirdPersonCharacter
[2021.01.27-13.26.52:832][960]LogUObjectHash: Compacting FUObjectHashTables data took   2.63ms
[2021.01.27-13.26.53:684][ 22]LogTemp: Repeating last play command: Selected Viewport
[2021.01.27-13.26.53:695][ 22]LogPlayLevel: PlayLevel: No blueprints needed recompiling
[2021.01.27-13.26.53:696][ 22]PIE: New page: PIE session: WhiteBox_SemiAbierto (27 ene. 2021 15:26:53)
[2021.01.27-13.26.53:696][ 22]LogPlayLevel: Creating play world package: /Game/PROYECTO/Niveles/UEDPIE_0_WhiteBox_SemiAbierto
[2021.01.27-13.26.53:699][ 22]LogPlayLevel: PIE: StaticDuplicateObject took: (0.003599s)
[2021.01.27-13.26.53:701][ 22]LogAIModule: Creating AISystem for world WhiteBox_SemiAbierto
[2021.01.27-13.26.53:701][ 22]LogAISub: UAISubsystem::UAISubsystem EnvQueryManager (000002861CD7FE00), frame # 54022
[2021.01.27-13.26.53:701][ 22]LogAISub: UAISubsystem::UAISubsystem AIPerceptionSystem (000002861DB39BC0), frame # 54022
[2021.01.27-13.26.53:701][ 22]LogPlayLevel: PIE: World Init took: (0.001345s)
[2021.01.27-13.26.53:701][ 22]LogPlayLevel: PIE: Created PIE world by copying editor world from /Game/PROYECTO/Niveles/WhiteBox_SemiAbierto.WhiteBox_SemiAbierto to /Game/PROYECTO/Niveles/UEDPIE_0_WhiteBox_SemiAbierto.WhiteBox_SemiAbierto (0.005079s)
[2021.01.27-13.26.53:724][ 22]LogUObjectHash: Compacting FUObjectHashTables data took   2.62ms
[2021.01.27-13.26.53:726][ 22]LogAudioMixer: Display: Audio Mixer Platform Settings:
[2021.01.27-13.26.53:726][ 22]LogAudioMixer: Display: 	Sample Rate:						  48000
[2021.01.27-13.26.53:726][ 22]LogAudioMixer: Display: 	Callback Buffer Frame Size Requested: 1024
[2021.01.27-13.26.53:726][ 22]LogAudioMixer: Display: 	Callback Buffer Frame Size To Use:	  1024
[2021.01.27-13.26.53:726][ 22]LogAudioMixer: Display: 	Number of buffers to queue:			  2
[2021.01.27-13.26.53:726][ 22]LogAudioMixer: Display: 	Max Channels (voices):				  32
[2021.01.27-13.26.53:726][ 22]LogAudioMixer: Display: 	Number of Async Source Workers:		  0
[2021.01.27-13.26.53:726][ 22]LogAudio: Display: AudioDevice MaxSources: 32
[2021.01.27-13.26.53:726][ 22]LogAudio: Display: Using built-in audio occlusion.
[2021.01.27-13.26.53:726][ 22]LogAudioMixer: Display: Initializing audio mixer.
[2021.01.27-13.26.53:730][ 22]LogAudioMixer: Display: 0: FrontLeft
[2021.01.27-13.26.53:730][ 22]LogAudioMixer: Display: 1: FrontRight
[2021.01.27-13.26.53:758][ 22]LogAudioMixer: Display: Using Audio Device Altavoces (Realtek High Definition Audio)
[2021.01.27-13.26.53:758][ 22]LogAudioMixer: Display: Initializing Sound Submixes...
[2021.01.27-13.26.53:758][ 22]LogAudioMixer: Display: Creating Master Submix 'MasterSubmixDefault'
[2021.01.27-13.26.53:758][ 22]LogAudioMixer: Display: Creating Master Submix 'MasterReverbSubmixDefault'
[2021.01.27-13.26.53:759][ 22]LogAudioMixer: Display: Creating Master Submix 'MasterEQSubmixDefault'
[2021.01.27-13.26.53:779][ 22]LogInit: FAudioDevice initialized.
[2021.01.27-13.26.53:840][ 22]LogSlate: Updating window title bar state: overlay mode, drag disabled, window buttons hidden, title bar hidden
[2021.01.27-13.26.53:840][ 22]LogLoad: Game class is 'ThirdPersonGameMode_C'
[2021.01.27-13.26.53:849][ 22]LogWorld: Bringing World /Game/PROYECTO/Niveles/UEDPIE_0_WhiteBox_SemiAbierto.WhiteBox_SemiAbierto up for play (max tick rate 0) at 2021.01.27-14.26.53
[2021.01.27-13.26.53:850][ 22]LogWorld: Bringing up level for play took: 0.008074
[2021.01.27-13.26.53:850][ 22]LogOnline: OSS: Creating online subsystem instance for: :Context_6
[2021.01.27-13.26.53:868][ 22]PIE: Server logged in
[2021.01.27-13.26.53:875][ 22]PIE: Play in editor total start time 0,18 seconds.
[2021.01.27-13.26.53:877][ 22]LogBlueprintUserMessages: [ThirdPersonCharacter_C_0] DPS POR AGUA
[2021.01.27-13.26.53:944][ 23]LogBlueprintUserMessages: [ThirdPersonCharacter_C_0] DPS POR AGUA
[2021.01.27-13.26.53:995][ 24]LogBlueprintUserMessages: [ThirdPersonCharacter_C_0] DPS POR AGUA
[2021.01.27-13.26.54:007][ 25]LogBlueprintUserMessages: [ThirdPersonCharacter_C_0] DPS POR AGUA
[2021.01.27-13.26.54:024][ 26]LogBlueprintUserMessages: [ThirdPersonCharacter_C_0] DPS POR AGUA
[2021.01.27-13.26.54:041][ 27]LogBlueprintUserMessages: [ThirdPersonCharacter_C_0] DPS POR AGUA
[2021.01.27-13.26.54:056][ 28]LogBlueprintUserMessages: [ThirdPersonCharacter_C_0] DPS POR AGUA
[2021.01.27-13.26.54:073][ 29]LogBlueprintUserMessages: [ThirdPersonCharacter_C_0] DPS POR AGUA
[2021.01.27-13.26.54:090][ 30]LogBlueprintUserMessages: [ThirdPersonCharacter_C_0] DPS POR AGUA
[2021.01.27-13.26.54:106][ 31]LogBlueprintUserMessages: [ThirdPersonCharacter_C_0] DPS POR AGUA
[2021.01.27-13.26.54:123][ 32]LogBlueprintUserMessages: [ThirdPersonCharacter_C_0] DPS POR AGUA
[2021.01.27-13.26.54:140][ 33]LogBlueprintUserMessages: [ThirdPersonCharacter_C_0] DPS POR AGUA
[2021.01.27-13.26.54:156][ 34]LogBlueprintUserMessages: [ThirdPersonCharacter_C_0] DPS POR AGUA
[2021.01.27-13.26.54:172][ 35]LogBlueprintUserMessages: [ThirdPersonCharacter_C_0] DPS POR AGUA
[2021.01.27-13.26.54:188][ 36]LogBlueprintUserMessages: [ThirdPersonCharacter_C_0] DPS POR AGUA
[2021.01.27-13.26.54:204][ 37]LogBlueprintUserMessages: [ThirdPersonCharacter_C_0] DPS POR AGUA
[2021.01.27-13.26.54:219][ 38]LogBlueprintUserMessages: [ThirdPersonCharacter_C_0] DPS POR AGUA
[2021.01.27-13.26.54:233][ 39]LogBlueprintUserMessages: [ThirdPersonCharacter_C_0] DPS POR AGUA
[2021.01.27-13.26.54:248][ 40]LogBlueprintUserMessages: [ThirdPersonCharacter_C_0] DPS POR AGUA
[2021.01.27-13.26.54:261][ 41]LogBlueprintUserMessages: [ThirdPersonCharacter_C_0] DPS POR AGUA
[2021.01.27-13.26.54:276][ 42]LogBlueprintUserMessages: [ThirdPersonCharacter_C_0] DPS POR AGUA
[2021.01.27-13.26.54:290][ 43]LogBlueprintUserMessages: [ThirdPersonCharacter_C_0] DPS POR AGUA
[2021.01.27-13.26.54:304][ 44]LogBlueprintUserMessages: [ThirdPersonCharacter_C_0] DPS POR AGUA
[2021.01.27-13.26.54:319][ 45]LogBlueprintUserMessages: [ThirdPersonCharacter_C_0] DPS POR AGUA
[2021.01.27-13.26.54:332][ 46]LogBlueprintUserMessages: [ThirdPersonCharacter_C_0] DPS POR AGUA
[2021.01.27-13.26.54:345][ 47]LogBlueprintUserMessages: [ThirdPersonCharacter_C_0] DPS POR AGUA
[2021.01.27-13.26.54:359][ 48]LogBlueprintUserMessages: [ThirdPersonCharacter_C_0] DPS POR AGUA
[2021.01.27-13.26.54:373][ 49]LogBlueprintUserMessages: [ThirdPersonCharacter_C_0] DPS POR AGUA
[2021.01.27-13.26.54:386][ 50]LogBlueprintUserMessages: [ThirdPersonCharacter_C_0] DPS POR AGUA
[2021.01.27-13.26.54:399][ 51]LogBlueprintUserMessages: [ThirdPersonCharacter_C_0] DPS POR AGUA
[2021.01.27-13.26.54:411][ 52]LogBlueprintUserMessages: [ThirdPersonCharacter_C_0] DPS POR AGUA
[2021.01.27-13.26.54:424][ 53]LogBlueprintUserMessages: [ThirdPersonCharacter_C_0] DPS POR AGUA
[2021.01.27-13.26.54:437][ 54]LogBlueprintUserMessages: [ThirdPersonCharacter_C_0] DPS POR AGUA
[2021.01.27-13.26.54:450][ 55]LogBlueprintUserMessages: [ThirdPersonCharacter_C_0] DPS POR AGUA
[2021.01.27-13.26.54:463][ 56]LogBlueprintUserMessages: [ThirdPersonCharacter_C_0] DPS POR AGUA
[2021.01.27-13.26.54:476][ 57]LogBlueprintUserMessages: [ThirdPersonCharacter_C_0] DPS POR AGUA
[2021.01.27-13.26.54:491][ 58]LogBlueprintUserMessages: [ThirdPersonCharacter_C_0] DPS POR AGUA
[2021.01.27-13.26.54:501][ 59]LogBlueprintUserMessages: [ThirdPersonCharacter_C_0] DPS POR AGUA
[2021.01.27-13.26.54:514][ 60]LogBlueprintUserMessages: [ThirdPersonCharacter_C_0] DPS POR AGUA
[2021.01.27-13.26.54:526][ 61]LogBlueprintUserMessages: [ThirdPersonCharacter_C_0] DPS POR AGUA
[2021.01.27-13.26.54:539][ 62]LogBlueprintUserMessages: [ThirdPersonCharacter_C_0] DPS POR AGUA
[2021.01.27-13.26.54:553][ 63]LogBlueprintUserMessages: [ThirdPersonCharacter_C_0] DPS POR AGUA
[2021.01.27-13.26.54:565][ 64]LogBlueprintUserMessages: [ThirdPersonCharacter_C_0] DPS POR AGUA
[2021.01.27-13.26.54:578][ 65]LogBlueprintUserMessages: [ThirdPersonCharacter_C_0] DPS POR AGUA
[2021.01.27-13.26.54:591][ 66]LogBlueprintUserMessages: [ThirdPersonCharacter_C_0] DPS POR AGUA
[2021.01.27-13.26.54:604][ 67]LogBlueprintUserMessages: [ThirdPersonCharacter_C_0] DPS POR AGUA
[2021.01.27-13.26.54:617][ 68]LogBlueprintUserMessages: [ThirdPersonCharacter_C_0] DPS POR AGUA
[2021.01.27-13.26.54:630][ 69]LogBlueprintUserMessages: [ThirdPersonCharacter_C_0] DPS POR AGUA
[2021.01.27-13.26.54:644][ 70]LogBlueprintUserMessages: [ThirdPersonCharacter_C_0] DPS POR AGUA
[2021.01.27-13.26.54:657][ 71]LogBlueprintUserMessages: [ThirdPersonCharacter_C_0] DPS POR AGUA
[2021.01.27-13.26.54:669][ 72]LogBlueprintUserMessages: [ThirdPersonCharacter_C_0] DPS POR AGUA
[2021.01.27-13.26.54:682][ 73]LogBlueprintUserMessages: [ThirdPersonCharacter_C_0] DPS POR AGUA
[2021.01.27-13.26.54:695][ 74]LogBlueprintUserMessages: [ThirdPersonCharacter_C_0] DPS POR AGUA
[2021.01.27-13.26.54:709][ 75]LogBlueprintUserMessages: [ThirdPersonCharacter_C_0] DPS POR AGUA
[2021.01.27-13.26.54:722][ 76]LogBlueprintUserMessages: [ThirdPersonCharacter_C_0] DPS POR AGUA
[2021.01.27-13.26.54:736][ 77]LogBlueprintUserMessages: [ThirdPersonCharacter_C_0] DPS POR AGUA
[2021.01.27-13.26.54:750][ 78]LogBlueprintUserMessages: [ThirdPersonCharacter_C_0] DPS POR AGUA
[2021.01.27-13.26.54:763][ 79]LogBlueprintUserMessages: [ThirdPersonCharacter_C_0] DPS POR AGUA
[2021.01.27-13.26.54:776][ 80]LogBlueprintUserMessages: [ThirdPersonCharacter_C_0] DPS POR AGUA
[2021.01.27-13.26.54:790][ 81]LogBlueprintUserMessages: [ThirdPersonCharacter_C_0] DPS POR AGUA
[2021.01.27-13.26.54:803][ 82]LogBlueprintUserMessages: [ThirdPersonCharacter_C_0] DPS POR AGUA
[2021.01.27-13.26.54:817][ 83]LogBlueprintUserMessages: [ThirdPersonCharacter_C_0] DPS POR AGUA
[2021.01.27-13.26.54:830][ 84]LogBlueprintUserMessages: [ThirdPersonCharacter_C_0] DPS POR AGUA
[2021.01.27-13.26.54:842][ 85]LogBlueprintUserMessages: [ThirdPersonCharacter_C_0] DPS POR AGUA
[2021.01.27-13.26.54:855][ 86]LogBlueprintUserMessages: [ThirdPersonCharacter_C_0] DPS POR AGUA
[2021.01.27-13.26.54:870][ 87]LogBlueprintUserMessages: [ThirdPersonCharacter_C_0] DPS POR AGUA
[2021.01.27-13.26.54:883][ 88]LogBlueprintUserMessages: [ThirdPersonCharacter_C_0] DPS POR AGUA
[2021.01.27-13.26.54:895][ 89]LogBlueprintUserMessages: [ThirdPersonCharacter_C_0] DPS POR AGUA
[2021.01.27-13.26.54:908][ 90]LogBlueprintUserMessages: [ThirdPersonCharacter_C_0] DPS POR AGUA
[2021.01.27-13.26.54:920][ 91]LogBlueprintUserMessages: [ThirdPersonCharacter_C_0] DPS POR AGUA
[2021.01.27-13.26.54:933][ 92]LogBlueprintUserMessages: [ThirdPersonCharacter_C_0] DPS POR AGUA
[2021.01.27-13.26.54:946][ 93]LogBlueprintUserMessages: [ThirdPersonCharacter_C_0] DPS POR AGUA
[2021.01.27-13.26.54:958][ 94]LogBlueprintUserMessages: [ThirdPersonCharacter_C_0] DPS POR AGUA
[2021.01.27-13.26.54:971][ 95]LogBlueprintUserMessages: [ThirdPersonCharacter_C_0] DPS POR AGUA
[2021.01.27-13.26.54:984][ 96]LogBlueprintUserMessages: [ThirdPersonCharacter_C_0] DPS POR AGUA
[2021.01.27-13.26.54:996][ 97]LogBlueprintUserMessages: [ThirdPersonCharacter_C_0] DPS POR AGUA
[2021.01.27-13.26.55:009][ 98]LogBlueprintUserMessages: [ThirdPersonCharacter_C_0] DPS POR AGUA
[2021.01.27-13.26.55:022][ 99]LogBlueprintUserMessages: [ThirdPersonCharacter_C_0] DPS POR AGUA
[2021.01.27-13.26.55:035][100]LogBlueprintUserMessages: [ThirdPersonCharacter_C_0] DPS POR AGUA
[2021.01.27-13.26.55:047][101]LogBlueprintUserMessages: [ThirdPersonCharacter_C_0] DPS POR AGUA
[2021.01.27-13.26.55:060][102]LogBlueprintUserMessages: [ThirdPersonCharacter_C_0] DPS POR AGUA
[2021.01.27-13.26.55:073][103]LogBlueprintUserMessages: [ThirdPersonCharacter_C_0] DPS POR AGUA
[2021.01.27-13.26.55:085][104]LogBlueprintUserMessages: [ThirdPersonCharacter_C_0] DPS POR AGUA
[2021.01.27-13.26.55:098][105]LogBlueprintUserMessages: [ThirdPersonCharacter_C_0] DPS POR AGUA
[2021.01.27-13.26.55:111][106]LogBlueprintUserMessages: [ThirdPersonCharacter_C_0] DPS POR AGUA
[2021.01.27-13.26.55:124][107]LogBlueprintUserMessages: [ThirdPersonCharacter_C_0] DPS POR AGUA
[2021.01.27-13.26.55:137][108]LogBlueprintUserMessages: [ThirdPersonCharacter_C_0] DPS POR AGUA
[2021.01.27-13.26.55:149][109]LogBlueprintUserMessages: [ThirdPersonCharacter_C_0] DPS POR AGUA
[2021.01.27-13.26.55:162][110]LogBlueprintUserMessages: [ThirdPersonCharacter_C_0] DPS POR AGUA
[2021.01.27-13.26.55:175][111]LogBlueprintUserMessages: [ThirdPersonCharacter_C_0] DPS POR AGUA
[2021.01.27-13.26.55:188][112]LogBlueprintUserMessages: [ThirdPersonCharacter_C_0] DPS POR AGUA
[2021.01.27-13.26.55:201][113]LogBlueprintUserMessages: [ThirdPersonCharacter_C_0] DPS POR AGUA
[2021.01.27-13.26.55:214][114]LogBlueprintUserMessages: [ThirdPersonCharacter_C_0] DPS POR AGUA
[2021.01.27-13.26.55:227][115]LogBlueprintUserMessages: [ThirdPersonCharacter_C_0] DPS POR AGUA
[2021.01.27-13.26.55:239][116]LogBlueprintUserMessages: [ThirdPersonCharacter_C_0] DPS POR AGUA
[2021.01.27-13.26.55:252][117]LogBlueprintUserMessages: [ThirdPersonCharacter_C_0] DPS POR AGUA
[2021.01.27-13.26.55:265][118]LogBlueprintUserMessages: [ThirdPersonCharacter_C_0] DPS POR AGUA
[2021.01.27-13.26.55:277][119]LogBlueprintUserMessages: [ThirdPersonCharacter_C_0] DPS POR AGUA
[2021.01.27-13.26.55:290][120]LogBlueprintUserMessages: [ThirdPersonCharacter_C_0] DPS POR AGUA
[2021.01.27-13.26.55:304][121]LogBlueprintUserMessages: [ThirdPersonCharacter_C_0] DPS POR AGUA
[2021.01.27-13.26.55:317][122]LogBlueprintUserMessages: [ThirdPersonCharacter_C_0] DPS POR AGUA
[2021.01.27-13.26.55:359][122]LogSlate: Updating window title bar state: overlay mode, drag disabled, window buttons hidden, title bar hidden
[2021.01.27-13.26.55:359][122]LogWorld: BeginTearingDown for /Game/PROYECTO/Niveles/UEDPIE_0_WhiteBox_SemiAbierto
[2021.01.27-13.26.55:361][122]LogSlate: Window 'WB_Proyecto Preview [NetMode: Standalone] (64-bit/Windows) ' being destroyed
[2021.01.27-13.26.55:368][122]LogWorld: UWorld::CleanupWorld for WhiteBox_SemiAbierto, bSessionEnded=true, bCleanupResources=true
[2021.01.27-13.26.55:370][122]LogSlate: InvalidateAllWidgets triggered.  All widgets were invalidated
[2021.01.27-13.26.55:379][122]LogPlayLevel: Display: Shutting down PIE online subsystems
[2021.01.27-13.26.55:384][122]LogSlate: InvalidateAllWidgets triggered.  All widgets were invalidated
[2021.01.27-13.26.55:434][122]LogAISub: UAISubsystem::~UAISubsystem AIPerceptionSystem (000002861DB39BC0), frame # 54122
[2021.01.27-13.26.55:434][122]LogAISub: UAISubsystem::~UAISubsystem EnvQueryManager (000002861CD7FE00), frame # 54122
[2021.01.27-13.26.55:436][122]LogUObjectHash: Compacting FUObjectHashTables data took   2.34ms
[2021.01.27-13.26.55:496][123]LogPlayLevel: Display: Destroying online subsystem :Context_6
[2021.01.27-13.28.36:194][761]LogUObjectHash: Compacting FUObjectHashTables data took   2.07ms
[2021.01.27-13.28.36:331][761]LogSavePackage: Moving 'H:/MAMMA MIA Joelo/PROYECTO FINAL GIT/EnergyCore/Unreal/WB_Proyecto/Saved/ThirdPersonCharacterE998F9114789883EBD57EEAEB1627317.tmp' to 'H:/MAMMA MIA Joelo/PROYECTO FINAL GIT/EnergyCore/Unreal/WB_Proyecto/Content/PROYECTO/Blueprints/ThirdPersonCharacter.uasset'
[2021.01.27-13.28.36:348][761]AssetCheck: New page: Asset Save: ThirdPersonCharacter
[2021.01.27-13.28.36:348][761]LogContentValidation: Display: Validating Blueprint /Game/PROYECTO/Blueprints/ThirdPersonCharacter.ThirdPersonCharacter
